\BOOKMARK [0][-]{chapter.1}{Introdu\347\343o}{}% 1
\BOOKMARK [1][-]{section.1.1}{Apresenta\347\343o}{chapter.1}% 2
\BOOKMARK [1][-]{section.1.2}{Justificativas}{chapter.1}% 3
\BOOKMARK [1][-]{section.1.3}{Objetivos}{chapter.1}% 4
\BOOKMARK [2][-]{subsection.1.3.1}{Objetivo Geral}{section.1.3}% 5
\BOOKMARK [2][-]{subsection.1.3.2}{Objetivo Espec\355ficos}{section.1.3}% 6
\BOOKMARK [1][-]{section.1.4}{Organiza\347\343o do trabalho}{chapter.1}% 7
\BOOKMARK [0][-]{chapter.2}{Refer\352ncial Te\363rico}{}% 8
\BOOKMARK [1][-]{section.2.1}{Teste de Software}{chapter.2}% 9
\BOOKMARK [1][-]{section.2.2}{Tipos de Teste de software}{chapter.2}% 10
\BOOKMARK [2][-]{subsection.2.2.1}{Testes Manuais}{section.2.2}% 11
\BOOKMARK [2][-]{subsection.2.2.2}{Testes Automatizados}{section.2.2}% 12
\BOOKMARK [1][-]{section.2.3}{N\355veis de testes de Software}{chapter.2}% 13
\BOOKMARK [2][-]{subsection.2.3.1}{Testes Funcionais}{section.2.3}% 14
\BOOKMARK [2][-]{subsection.2.3.2}{Testes Unit\341rios}{section.2.3}% 15
\BOOKMARK [2][-]{subsection.2.3.3}{Testes de Integra\347\343o}{section.2.3}% 16
\BOOKMARK [2][-]{subsection.2.3.4}{Teste de Sistema}{section.2.3}% 17
\BOOKMARK [2][-]{subsection.2.3.5}{Teste de Regress\343o}{section.2.3}% 18
\BOOKMARK [2][-]{subsection.2.3.6}{Testes de Aceita\347\343o}{section.2.3}% 19
\BOOKMARK [2][-]{subsection.2.3.7}{Testes N\343o-Funcionais}{section.2.3}% 20
\BOOKMARK [1][-]{section.2.4}{Automa\347\343o de testes}{chapter.2}% 21
\BOOKMARK [2][-]{subsection.2.4.1}{Vantagens da automa\347\343o de testes}{section.2.4}% 22
\BOOKMARK [2][-]{subsection.2.4.2}{Desafios da automa\347\343o de testes}{section.2.4}% 23
\BOOKMARK [2][-]{subsection.2.4.3}{T\351cnicas de automa\347\343o de testes}{section.2.4}% 24
\BOOKMARK [2][-]{subsection.2.4.4}{Ferramentas utilizadas na automa\347\343o dos testes}{section.2.4}% 25
\BOOKMARK [2][-]{subsection.2.4.5}{Caracter\355sticas do BDD utilizadas neste trabalho}{section.2.4}% 26
\BOOKMARK [2][-]{subsection.2.4.6}{Cucumber}{section.2.4}% 27
\BOOKMARK [0][-]{chapter.3}{Metodologia}{}% 28
\BOOKMARK [1][-]{section.3.1}{Defini\347\343o do Problema}{chapter.3}% 29
\BOOKMARK [1][-]{section.3.2}{Defini\347\343o da Solu\347\343o para aplica\347\343o da automa\347\343o dos testes}{chapter.3}% 30
\BOOKMARK [1][-]{section.3.3}{Referencial Te\363rico}{chapter.3}% 31
\BOOKMARK [1][-]{section.3.4}{Sele\347\343o dos tipos de testes}{chapter.3}% 32
\BOOKMARK [1][-]{section.3.5}{Aplica\347\343o de testes automatizados ao longo do desenvolvimento}{chapter.3}% 33
\BOOKMARK [1][-]{section.3.6}{Analise do resultado dos testes automatizados}{chapter.3}% 34
\BOOKMARK [1][-]{section.3.7}{Conclus\343o}{chapter.3}% 35
\BOOKMARK [0][-]{chapter.4}{Automa\347\343o de testes no desenvolvimento de uma aplica\347\343o}{}% 36
\BOOKMARK [1][-]{section.4.1}{Contextualiza\347\343o da Aplica\347\343o}{chapter.4}% 37
\BOOKMARK [1][-]{section.4.2}{Arquitetura da Aplica\347\343o}{chapter.4}% 38
\BOOKMARK [1][-]{section.4.3}{Processo de automa\347\343o dos testes}{chapter.4}% 39
\BOOKMARK [2][-]{subsection.4.3.1}{Defini\347\343o dos objetivos dos testes}{section.4.3}% 40
\BOOKMARK [2][-]{subsection.4.3.2}{Implementa\347\343o dos testes unit\341rios e integra\347\343o}{section.4.3}% 41
\BOOKMARK [2][-]{subsection.4.3.3}{Implementando BDD com Cucumber}{section.4.3}% 42
\BOOKMARK [1][-]{section.4.4}{Resultado da automa\347\343o dos testes}{chapter.4}% 43
\BOOKMARK [0][-]{chapter.5}{Conclus\343o}{}% 44
\BOOKMARK [1][-]{section.5.1}{Conclus\343o do Trablho}{chapter.5}% 45
\BOOKMARK [1][-]{section.5.2}{Trabalhos futuros}{chapter.5}% 46
