This is pdfTeX, Version 3.14159265-2.6-1.40.15 (TeX Live 2014) (preloaded format=pdflatex 2014.11.3)  21 JAN 2015 23:27
entering extended mode
 restricted \write18 enabled.
 %&-line parsing enabled.
**tcc.tex
(./tcc.tex
LaTeX2e <2014/05/01>
Babel <3.9k> and hyphenation patterns for 78 languages loaded.
(/usr/local/texlive/2014/texmf-dist/tex/latex/base/book.cls
Document Class: book 2007/10/19 v1.4h Standard LaTeX document class
(/usr/local/texlive/2014/texmf-dist/tex/latex/base/fleqn.clo
File: fleqn.clo 1998/08/17 v1.1c Standard LaTeX option (flush left equations)
\mathindent=\dimen102
)
(/usr/local/texlive/2014/texmf-dist/tex/latex/base/bk12.clo
File: bk12.clo 2007/10/19 v1.4h Standard LaTeX file (size option)
)
\c@part=\count79
\c@chapter=\count80
\c@section=\count81
\c@subsection=\count82
\c@subsubsection=\count83
\c@paragraph=\count84
\c@subparagraph=\count85
\c@figure=\count86
\c@table=\count87
\abovecaptionskip=\skip41
\belowcaptionskip=\skip42
\bibindent=\dimen103
)
(/usr/local/texlive/2014/texmf-dist/tex/generic/babel/babel.sty
Package: babel 2014/03/24 3.9k The Babel package

(/usr/local/texlive/2014/texmf-dist/tex/generic/babel-portuges/portuges.ldf
Language: portuges 2008/03/18 v1.2q Portuguese support from the babel system

(/usr/local/texlive/2014/texmf-dist/tex/generic/babel/babel.def
File: babel.def 2014/03/24 3.9k Babel common definitions
\babel@savecnt=\count88
\U@D=\dimen104
)
\l@brazil = a dialect from \language\l@portuges 
Package babel Info: Making " an active character on input line 145.
))
(/usr/local/texlive/2014/texmf-dist/tex/latex/base/inputenc.sty
Package: inputenc 2014/04/30 v1.2b Input encoding file
\inpenc@prehook=\toks14
\inpenc@posthook=\toks15

(/usr/local/texlive/2014/texmf-dist/tex/latex/base/utf8.def
File: utf8.def 2008/04/05 v1.1m UTF-8 support for inputenc
Now handling font encoding OML ...
... no UTF-8 mapping file for font encoding OML
Now handling font encoding T1 ...
... processing UTF-8 mapping file for font encoding T1

(/usr/local/texlive/2014/texmf-dist/tex/latex/base/t1enc.dfu
File: t1enc.dfu 2008/04/05 v1.1m UTF-8 support for inputenc
   defining Unicode char U+00A1 (decimal 161)
   defining Unicode char U+00A3 (decimal 163)
   defining Unicode char U+00AB (decimal 171)
   defining Unicode char U+00BB (decimal 187)
   defining Unicode char U+00BF (decimal 191)
   defining Unicode char U+00C0 (decimal 192)
   defining Unicode char U+00C1 (decimal 193)
   defining Unicode char U+00C2 (decimal 194)
   defining Unicode char U+00C3 (decimal 195)
   defining Unicode char U+00C4 (decimal 196)
   defining Unicode char U+00C5 (decimal 197)
   defining Unicode char U+00C6 (decimal 198)
   defining Unicode char U+00C7 (decimal 199)
   defining Unicode char U+00C8 (decimal 200)
   defining Unicode char U+00C9 (decimal 201)
   defining Unicode char U+00CA (decimal 202)
   defining Unicode char U+00CB (decimal 203)
   defining Unicode char U+00CC (decimal 204)
   defining Unicode char U+00CD (decimal 205)
   defining Unicode char U+00CE (decimal 206)
   defining Unicode char U+00CF (decimal 207)
   defining Unicode char U+00D0 (decimal 208)
   defining Unicode char U+00D1 (decimal 209)
   defining Unicode char U+00D2 (decimal 210)
   defining Unicode char U+00D3 (decimal 211)
   defining Unicode char U+00D4 (decimal 212)
   defining Unicode char U+00D5 (decimal 213)
   defining Unicode char U+00D6 (decimal 214)
   defining Unicode char U+00D8 (decimal 216)
   defining Unicode char U+00D9 (decimal 217)
   defining Unicode char U+00DA (decimal 218)
   defining Unicode char U+00DB (decimal 219)
   defining Unicode char U+00DC (decimal 220)
   defining Unicode char U+00DD (decimal 221)
   defining Unicode char U+00DE (decimal 222)
   defining Unicode char U+00DF (decimal 223)
   defining Unicode char U+00E0 (decimal 224)
   defining Unicode char U+00E1 (decimal 225)
   defining Unicode char U+00E2 (decimal 226)
   defining Unicode char U+00E3 (decimal 227)
   defining Unicode char U+00E4 (decimal 228)
   defining Unicode char U+00E5 (decimal 229)
   defining Unicode char U+00E6 (decimal 230)
   defining Unicode char U+00E7 (decimal 231)
   defining Unicode char U+00E8 (decimal 232)
   defining Unicode char U+00E9 (decimal 233)
   defining Unicode char U+00EA (decimal 234)
   defining Unicode char U+00EB (decimal 235)
   defining Unicode char U+00EC (decimal 236)
   defining Unicode char U+00ED (decimal 237)
   defining Unicode char U+00EE (decimal 238)
   defining Unicode char U+00EF (decimal 239)
   defining Unicode char U+00F0 (decimal 240)
   defining Unicode char U+00F1 (decimal 241)
   defining Unicode char U+00F2 (decimal 242)
   defining Unicode char U+00F3 (decimal 243)
   defining Unicode char U+00F4 (decimal 244)
   defining Unicode char U+00F5 (decimal 245)
   defining Unicode char U+00F6 (decimal 246)
   defining Unicode char U+00F8 (decimal 248)
   defining Unicode char U+00F9 (decimal 249)
   defining Unicode char U+00FA (decimal 250)
   defining Unicode char U+00FB (decimal 251)
   defining Unicode char U+00FC (decimal 252)
   defining Unicode char U+00FD (decimal 253)
   defining Unicode char U+00FE (decimal 254)
   defining Unicode char U+00FF (decimal 255)
   defining Unicode char U+0102 (decimal 258)
   defining Unicode char U+0103 (decimal 259)
   defining Unicode char U+0104 (decimal 260)
   defining Unicode char U+0105 (decimal 261)
   defining Unicode char U+0106 (decimal 262)
   defining Unicode char U+0107 (decimal 263)
   defining Unicode char U+010C (decimal 268)
   defining Unicode char U+010D (decimal 269)
   defining Unicode char U+010E (decimal 270)
   defining Unicode char U+010F (decimal 271)
   defining Unicode char U+0110 (decimal 272)
   defining Unicode char U+0111 (decimal 273)
   defining Unicode char U+0118 (decimal 280)
   defining Unicode char U+0119 (decimal 281)
   defining Unicode char U+011A (decimal 282)
   defining Unicode char U+011B (decimal 283)
   defining Unicode char U+011E (decimal 286)
   defining Unicode char U+011F (decimal 287)
   defining Unicode char U+0130 (decimal 304)
   defining Unicode char U+0131 (decimal 305)
   defining Unicode char U+0132 (decimal 306)
   defining Unicode char U+0133 (decimal 307)
   defining Unicode char U+0139 (decimal 313)
   defining Unicode char U+013A (decimal 314)
   defining Unicode char U+013D (decimal 317)
   defining Unicode char U+013E (decimal 318)
   defining Unicode char U+0141 (decimal 321)
   defining Unicode char U+0142 (decimal 322)
   defining Unicode char U+0143 (decimal 323)
   defining Unicode char U+0144 (decimal 324)
   defining Unicode char U+0147 (decimal 327)
   defining Unicode char U+0148 (decimal 328)
   defining Unicode char U+014A (decimal 330)
   defining Unicode char U+014B (decimal 331)
   defining Unicode char U+0150 (decimal 336)
   defining Unicode char U+0151 (decimal 337)
   defining Unicode char U+0152 (decimal 338)
   defining Unicode char U+0153 (decimal 339)
   defining Unicode char U+0154 (decimal 340)
   defining Unicode char U+0155 (decimal 341)
   defining Unicode char U+0158 (decimal 344)
   defining Unicode char U+0159 (decimal 345)
   defining Unicode char U+015A (decimal 346)
   defining Unicode char U+015B (decimal 347)
   defining Unicode char U+015E (decimal 350)
   defining Unicode char U+015F (decimal 351)
   defining Unicode char U+0160 (decimal 352)
   defining Unicode char U+0161 (decimal 353)
   defining Unicode char U+0162 (decimal 354)
   defining Unicode char U+0163 (decimal 355)
   defining Unicode char U+0164 (decimal 356)
   defining Unicode char U+0165 (decimal 357)
   defining Unicode char U+016E (decimal 366)
   defining Unicode char U+016F (decimal 367)
   defining Unicode char U+0170 (decimal 368)
   defining Unicode char U+0171 (decimal 369)
   defining Unicode char U+0178 (decimal 376)
   defining Unicode char U+0179 (decimal 377)
   defining Unicode char U+017A (decimal 378)
   defining Unicode char U+017B (decimal 379)
   defining Unicode char U+017C (decimal 380)
   defining Unicode char U+017D (decimal 381)
   defining Unicode char U+017E (decimal 382)
   defining Unicode char U+200C (decimal 8204)
   defining Unicode char U+2013 (decimal 8211)
   defining Unicode char U+2014 (decimal 8212)
   defining Unicode char U+2018 (decimal 8216)
   defining Unicode char U+2019 (decimal 8217)
   defining Unicode char U+201A (decimal 8218)
   defining Unicode char U+201C (decimal 8220)
   defining Unicode char U+201D (decimal 8221)
   defining Unicode char U+201E (decimal 8222)
   defining Unicode char U+2030 (decimal 8240)
   defining Unicode char U+2031 (decimal 8241)
   defining Unicode char U+2039 (decimal 8249)
   defining Unicode char U+203A (decimal 8250)
   defining Unicode char U+2423 (decimal 9251)
)
Now handling font encoding OT1 ...
... processing UTF-8 mapping file for font encoding OT1

(/usr/local/texlive/2014/texmf-dist/tex/latex/base/ot1enc.dfu
File: ot1enc.dfu 2008/04/05 v1.1m UTF-8 support for inputenc
   defining Unicode char U+00A1 (decimal 161)
   defining Unicode char U+00A3 (decimal 163)
   defining Unicode char U+00B8 (decimal 184)
   defining Unicode char U+00BF (decimal 191)
   defining Unicode char U+00C5 (decimal 197)
   defining Unicode char U+00C6 (decimal 198)
   defining Unicode char U+00D8 (decimal 216)
   defining Unicode char U+00DF (decimal 223)
   defining Unicode char U+00E6 (decimal 230)
   defining Unicode char U+00EC (decimal 236)
   defining Unicode char U+00ED (decimal 237)
   defining Unicode char U+00EE (decimal 238)
   defining Unicode char U+00EF (decimal 239)
   defining Unicode char U+00F8 (decimal 248)
   defining Unicode char U+0131 (decimal 305)
   defining Unicode char U+0141 (decimal 321)
   defining Unicode char U+0142 (decimal 322)
   defining Unicode char U+0152 (decimal 338)
   defining Unicode char U+0153 (decimal 339)
   defining Unicode char U+2013 (decimal 8211)
   defining Unicode char U+2014 (decimal 8212)
   defining Unicode char U+2018 (decimal 8216)
   defining Unicode char U+2019 (decimal 8217)
   defining Unicode char U+201C (decimal 8220)
   defining Unicode char U+201D (decimal 8221)
)
Now handling font encoding OMS ...
... processing UTF-8 mapping file for font encoding OMS

(/usr/local/texlive/2014/texmf-dist/tex/latex/base/omsenc.dfu
File: omsenc.dfu 2008/04/05 v1.1m UTF-8 support for inputenc
   defining Unicode char U+00A7 (decimal 167)
   defining Unicode char U+00B6 (decimal 182)
   defining Unicode char U+00B7 (decimal 183)
   defining Unicode char U+2020 (decimal 8224)
   defining Unicode char U+2021 (decimal 8225)
   defining Unicode char U+2022 (decimal 8226)
)
Now handling font encoding OMX ...
... no UTF-8 mapping file for font encoding OMX
Now handling font encoding U ...
... no UTF-8 mapping file for font encoding U
   defining Unicode char U+00A9 (decimal 169)
   defining Unicode char U+00AA (decimal 170)
   defining Unicode char U+00AE (decimal 174)
   defining Unicode char U+00BA (decimal 186)
   defining Unicode char U+02C6 (decimal 710)
   defining Unicode char U+02DC (decimal 732)
   defining Unicode char U+200C (decimal 8204)
   defining Unicode char U+2026 (decimal 8230)
   defining Unicode char U+2122 (decimal 8482)
   defining Unicode char U+2423 (decimal 9251)
))
(/usr/local/texlive/2014/texmf-dist/tex/latex/fancyhdr/fancyhdr.sty
\fancy@headwidth=\skip43
\f@ncyO@elh=\skip44
\f@ncyO@erh=\skip45
\f@ncyO@olh=\skip46
\f@ncyO@orh=\skip47
\f@ncyO@elf=\skip48
\f@ncyO@erf=\skip49
\f@ncyO@olf=\skip50
\f@ncyO@orf=\skip51
)
(/usr/local/texlive/2014/texmf-dist/tex/latex/tools/indentfirst.sty
Package: indentfirst 1995/11/23 v1.03 Indent first paragraph (DPC)
)
(/usr/local/texlive/2014/texmf-dist/tex/latex/float/float.sty
Package: float 2001/11/08 v1.3d Float enhancements (AL)
\c@float@type=\count89
\float@exts=\toks16
\float@box=\box26
\@float@everytoks=\toks17
\@floatcapt=\box27
)
(/usr/local/texlive/2014/texmf-dist/tex/latex/nomencl/nomencl.sty
Package: nomencl 2005/09/22 v4.2 Nomenclature package (LN)
\nomlabelwidth=\dimen105
\nom@tempdim=\dimen106
\nomitemsep=\skip52
)
(/usr/local/texlive/2014/texmf-dist/tex/latex/multirow/multirow.sty
\bigstrutjot=\dimen107
)
(/usr/local/texlive/2014/texmf-dist/tex/latex/caption/caption.sty
Package: caption 2013/05/02 v3.3-89 Customizing captions (AR)

(/usr/local/texlive/2014/texmf-dist/tex/latex/caption/caption3.sty
Package: caption3 2013/05/02 v1.6-88 caption3 kernel (AR)
Package caption3 Info: TeX engine: e-TeX on input line 57.

(/usr/local/texlive/2014/texmf-dist/tex/latex/graphics/keyval.sty
Package: keyval 2014/05/08 v1.15 key=value parser (DPC)
\KV@toks@=\toks18
)
\captionmargin=\dimen108
\captionmargin@=\dimen109
\captionwidth=\dimen110
\caption@tempdima=\dimen111
\caption@indent=\dimen112
\caption@parindent=\dimen113
\caption@hangindent=\dimen114
)
\c@ContinuedFloat=\count90
Package caption Info: float package is loaded.
)
(/usr/local/texlive/2014/texmf-dist/tex/latex/tools/array.sty
Package: array 2008/09/09 v2.4c Tabular extension package (FMi)
\col@sep=\dimen115
\extrarowheight=\dimen116
\NC@list=\toks19
\extratabsurround=\skip53
\backup@length=\skip54
)
(/usr/local/texlive/2014/texmf-dist/tex/latex/ltablex/ltablex.sty
Package: ltablex 1995/11/06 v1.0 Modified tabularx

(/usr/local/texlive/2014/texmf-dist/tex/latex/tools/longtable.sty
Package: longtable 2004/02/01 v4.11 Multi-page Table package (DPC)
\LTleft=\skip55
\LTright=\skip56
\LTpre=\skip57
\LTpost=\skip58
\LTchunksize=\count91
\LTcapwidth=\dimen117
\LT@head=\box28
\LT@firsthead=\box29
\LT@foot=\box30
\LT@lastfoot=\box31
\LT@cols=\count92
\LT@rows=\count93
\c@LT@tables=\count94
\c@LT@chunks=\count95
\LT@p@ftn=\toks20
)
(/usr/local/texlive/2014/texmf-dist/tex/latex/tools/tabularx.sty
Package: tabularx 2014/05/13 v2.10 `tabularx' package (DPC)
\TX@col@width=\dimen118
\TX@old@table=\dimen119
\TX@old@col=\dimen120
\TX@target=\dimen121
\TX@delta=\dimen122
\TX@cols=\count96
\TX@ftn=\toks21
))
(/usr/local/texlive/2014/texmf-dist/tex/latex/graphics/graphicx.sty
Package: graphicx 2014/04/25 v1.0g Enhanced LaTeX Graphics (DPC,SPQR)

(/usr/local/texlive/2014/texmf-dist/tex/latex/graphics/graphics.sty
Package: graphics 2009/02/05 v1.0o Standard LaTeX Graphics (DPC,SPQR)

(/usr/local/texlive/2014/texmf-dist/tex/latex/graphics/trig.sty
Package: trig 1999/03/16 v1.09 sin cos tan (DPC)
)
(/usr/local/texlive/2014/texmf-dist/tex/latex/latexconfig/graphics.cfg
File: graphics.cfg 2010/04/23 v1.9 graphics configuration of TeX Live
)
Package graphics Info: Driver file: pdftex.def on input line 91.

(/usr/local/texlive/2014/texmf-dist/tex/latex/pdftex-def/pdftex.def
File: pdftex.def 2011/05/27 v0.06d Graphics/color for pdfTeX

(/usr/local/texlive/2014/texmf-dist/tex/generic/oberdiek/infwarerr.sty
Package: infwarerr 2010/04/08 v1.3 Providing info/warning/error messages (HO)
)
(/usr/local/texlive/2014/texmf-dist/tex/generic/oberdiek/ltxcmds.sty
Package: ltxcmds 2011/11/09 v1.22 LaTeX kernel commands for general use (HO)
)
\Gread@gobject=\count97
))
\Gin@req@height=\dimen123
\Gin@req@width=\dimen124
)
(/usr/local/texlive/2014/texmf-dist/tex/latex/amsfonts/amsfonts.sty
Package: amsfonts 2013/01/14 v3.01 Basic AMSFonts support
\@emptytoks=\toks22
\symAMSa=\mathgroup4
\symAMSb=\mathgroup5
LaTeX Font Info:    Overwriting math alphabet `\mathfrak' in version `bold'
(Font)                  U/euf/m/n --> U/euf/b/n on input line 106.
)
(/usr/local/texlive/2014/texmf-dist/tex/latex/amscls/amsthm.sty
Package: amsthm 2004/08/06 v2.20
\thm@style=\toks23
\thm@bodyfont=\toks24
\thm@headfont=\toks25
\thm@notefont=\toks26
\thm@headpunct=\toks27
\thm@preskip=\skip59
\thm@postskip=\skip60
\thm@headsep=\skip61
\dth@everypar=\toks28
)
(/usr/local/texlive/2014/texmf-dist/tex/latex/amsmath/amsopn.sty
Package: amsopn 1999/12/14 v2.01 operator names

(/usr/local/texlive/2014/texmf-dist/tex/latex/amsmath/amsgen.sty
File: amsgen.sty 1999/11/30 v2.0
\@emptytoks=\toks29
\ex@=\dimen125
))
(/usr/local/texlive/2014/texmf-dist/tex/latex/amsfonts/amssymb.sty
Package: amssymb 2013/01/14 v3.01 AMS font symbols
)
(/usr/local/texlive/2014/texmf-dist/tex/latex/base/latexsym.sty
Package: latexsym 1998/08/17 v2.2e Standard LaTeX package (lasy symbols)
\symlasy=\mathgroup6
LaTeX Font Info:    Overwriting symbol font `lasy' in version `bold'
(Font)                  U/lasy/m/n --> U/lasy/b/n on input line 47.
)
(/usr/local/texlive/2014/texmf-dist/tex/latex/geometry/geometry.sty
Package: geometry 2010/09/12 v5.6 Page Geometry

(/usr/local/texlive/2014/texmf-dist/tex/generic/oberdiek/ifpdf.sty
Package: ifpdf 2011/01/30 v2.3 Provides the ifpdf switch (HO)
Package ifpdf Info: pdfTeX in PDF mode is detected.
)
(/usr/local/texlive/2014/texmf-dist/tex/generic/oberdiek/ifvtex.sty
Package: ifvtex 2010/03/01 v1.5 Detect VTeX and its facilities (HO)
Package ifvtex Info: VTeX not detected.
)
(/usr/local/texlive/2014/texmf-dist/tex/generic/ifxetex/ifxetex.sty
Package: ifxetex 2010/09/12 v0.6 Provides ifxetex conditional
)
\Gm@cnth=\count98
\Gm@cntv=\count99
\c@Gm@tempcnt=\count100
\Gm@bindingoffset=\dimen126
\Gm@wd@mp=\dimen127
\Gm@odd@mp=\dimen128
\Gm@even@mp=\dimen129
\Gm@layoutwidth=\dimen130
\Gm@layoutheight=\dimen131
\Gm@layouthoffset=\dimen132
\Gm@layoutvoffset=\dimen133
\Gm@dimlist=\toks30
)
(/usr/local/texlive/2014/texmf-dist/tex/latex/amsmath/amsmath.sty
Package: amsmath 2013/01/14 v2.14 AMS math features
\@mathmargin=\skip62

For additional information on amsmath, use the `?' option.
(/usr/local/texlive/2014/texmf-dist/tex/latex/amsmath/amstext.sty
Package: amstext 2000/06/29 v2.01
)
(/usr/local/texlive/2014/texmf-dist/tex/latex/amsmath/amsbsy.sty
Package: amsbsy 1999/11/29 v1.2d
\pmbraise@=\dimen134
)
\inf@bad=\count101
LaTeX Info: Redefining \frac on input line 210.
\uproot@=\count102
\leftroot@=\count103
LaTeX Info: Redefining \overline on input line 306.
\classnum@=\count104
\DOTSCASE@=\count105
LaTeX Info: Redefining \ldots on input line 378.
LaTeX Info: Redefining \dots on input line 381.
LaTeX Info: Redefining \cdots on input line 466.
\Mathstrutbox@=\box32
\strutbox@=\box33
\big@size=\dimen135
LaTeX Font Info:    Redeclaring font encoding OML on input line 566.
LaTeX Font Info:    Redeclaring font encoding OMS on input line 567.
\macc@depth=\count106
\c@MaxMatrixCols=\count107
\dotsspace@=\muskip10
\c@parentequation=\count108
\dspbrk@lvl=\count109
\tag@help=\toks31
\row@=\count110
\column@=\count111
\maxfields@=\count112
\andhelp@=\toks32
\eqnshift@=\dimen136
\alignsep@=\dimen137
\tagshift@=\dimen138
\tagwidth@=\dimen139
\totwidth@=\dimen140
\lineht@=\dimen141
\@envbody=\toks33
\multlinegap=\skip63
\multlinetaggap=\skip64
\mathdisplay@stack=\toks34
LaTeX Info: Redefining \[ on input line 2665.
LaTeX Info: Redefining \] on input line 2666.
)
(/usr/local/texlive/2014/texmf-dist/tex/latex/hyperref/hyperref.sty
Package: hyperref 2012/11/06 v6.83m Hypertext links for LaTeX

(/usr/local/texlive/2014/texmf-dist/tex/generic/oberdiek/hobsub-hyperref.sty
Package: hobsub-hyperref 2012/05/28 v1.13 Bundle oberdiek, subset hyperref (HO)


(/usr/local/texlive/2014/texmf-dist/tex/generic/oberdiek/hobsub-generic.sty
Package: hobsub-generic 2012/05/28 v1.13 Bundle oberdiek, subset generic (HO)
Package: hobsub 2012/05/28 v1.13 Construct package bundles (HO)
Package hobsub Info: Skipping package `infwarerr' (already loaded).
Package hobsub Info: Skipping package `ltxcmds' (already loaded).
Package: ifluatex 2010/03/01 v1.3 Provides the ifluatex switch (HO)
Package ifluatex Info: LuaTeX not detected.
Package hobsub Info: Skipping package `ifvtex' (already loaded).
Package: intcalc 2007/09/27 v1.1 Expandable calculations with integers (HO)
Package hobsub Info: Skipping package `ifpdf' (already loaded).
Package: etexcmds 2011/02/16 v1.5 Avoid name clashes with e-TeX commands (HO)
Package etexcmds Info: Could not find \expanded.
(etexcmds)             That can mean that you are not using pdfTeX 1.50 or
(etexcmds)             that some package has redefined \expanded.
(etexcmds)             In the latter case, load this package earlier.
Package: kvsetkeys 2012/04/25 v1.16 Key value parser (HO)
Package: kvdefinekeys 2011/04/07 v1.3 Define keys (HO)
Package: pdftexcmds 2011/11/29 v0.20 Utility functions of pdfTeX for LuaTeX (HO
)
Package pdftexcmds Info: LuaTeX not detected.
Package pdftexcmds Info: \pdf@primitive is available.
Package pdftexcmds Info: \pdf@ifprimitive is available.
Package pdftexcmds Info: \pdfdraftmode found.
Package: pdfescape 2011/11/25 v1.13 Implements pdfTeX's escape features (HO)
Package: bigintcalc 2012/04/08 v1.3 Expandable calculations on big integers (HO
)
Package: bitset 2011/01/30 v1.1 Handle bit-vector datatype (HO)
Package: uniquecounter 2011/01/30 v1.2 Provide unlimited unique counter (HO)
)
Package hobsub Info: Skipping package `hobsub' (already loaded).
Package: letltxmacro 2010/09/02 v1.4 Let assignment for LaTeX macros (HO)
Package: hopatch 2012/05/28 v1.2 Wrapper for package hooks (HO)
Package: xcolor-patch 2011/01/30 xcolor patch
Package: atveryend 2011/06/30 v1.8 Hooks at the very end of document (HO)
Package atveryend Info: \enddocument detected (standard20110627).
Package: atbegshi 2011/10/05 v1.16 At begin shipout hook (HO)
Package: refcount 2011/10/16 v3.4 Data extraction from label references (HO)
Package: hycolor 2011/01/30 v1.7 Color options for hyperref/bookmark (HO)
)
(/usr/local/texlive/2014/texmf-dist/tex/latex/oberdiek/auxhook.sty
Package: auxhook 2011/03/04 v1.3 Hooks for auxiliary files (HO)
)
(/usr/local/texlive/2014/texmf-dist/tex/latex/oberdiek/kvoptions.sty
Package: kvoptions 2011/06/30 v3.11 Key value format for package options (HO)
)
\@linkdim=\dimen142
\Hy@linkcounter=\count113
\Hy@pagecounter=\count114

(/usr/local/texlive/2014/texmf-dist/tex/latex/hyperref/pd1enc.def
File: pd1enc.def 2012/11/06 v6.83m Hyperref: PDFDocEncoding definition (HO)
Now handling font encoding PD1 ...
... no UTF-8 mapping file for font encoding PD1
)
\Hy@SavedSpaceFactor=\count115

(/usr/local/texlive/2014/texmf-dist/tex/latex/latexconfig/hyperref.cfg
File: hyperref.cfg 2002/06/06 v1.2 hyperref configuration of TeXLive
)
Package hyperref Info: Hyper figures OFF on input line 4443.
Package hyperref Info: Link nesting OFF on input line 4448.
Package hyperref Info: Hyper index ON on input line 4451.
Package hyperref Info: Plain pages OFF on input line 4458.
Package hyperref Info: Backreferencing OFF on input line 4463.
Package hyperref Info: Implicit mode ON; LaTeX internals redefined.
Package hyperref Info: Bookmarks ON on input line 4688.
\c@Hy@tempcnt=\count116

(/usr/local/texlive/2014/texmf-dist/tex/latex/url/url.sty
\Urlmuskip=\muskip11
Package: url 2013/09/16  ver 3.4  Verb mode for urls, etc.
)
LaTeX Info: Redefining \url on input line 5041.
\XeTeXLinkMargin=\dimen143
\Fld@menulength=\count117
\Field@Width=\dimen144
\Fld@charsize=\dimen145
Package hyperref Info: Hyper figures OFF on input line 6295.
Package hyperref Info: Link nesting OFF on input line 6300.
Package hyperref Info: Hyper index ON on input line 6303.
Package hyperref Info: backreferencing OFF on input line 6310.
Package hyperref Info: Link coloring OFF on input line 6315.
Package hyperref Info: Link coloring with OCG OFF on input line 6320.
Package hyperref Info: PDF/A mode OFF on input line 6325.
LaTeX Info: Redefining \ref on input line 6365.
LaTeX Info: Redefining \pageref on input line 6369.
\Hy@abspage=\count118
\c@Item=\count119
\c@Hfootnote=\count120
)

Package hyperref Message: Driver (autodetected): hpdftex.

(/usr/local/texlive/2014/texmf-dist/tex/latex/hyperref/hpdftex.def
File: hpdftex.def 2012/11/06 v6.83m Hyperref driver for pdfTeX
\Fld@listcount=\count121
\c@bookmark@seq@number=\count122

(/usr/local/texlive/2014/texmf-dist/tex/latex/oberdiek/rerunfilecheck.sty
Package: rerunfilecheck 2011/04/15 v1.7 Rerun checks for auxiliary files (HO)
Package uniquecounter Info: New unique counter `rerunfilecheck' on input line 2
82.
)
\Hy@SectionHShift=\skip65
)
(/usr/local/texlive/2014/texmf-dist/tex/latex/graphics/color.sty
Package: color 2014/04/23 v1.1a Standard LaTeX Color (DPC)

(/usr/local/texlive/2014/texmf-dist/tex/latex/latexconfig/color.cfg
File: color.cfg 2007/01/18 v1.5 color configuration of teTeX/TeXLive
)
Package color Info: Driver file: pdftex.def on input line 137.
)
(/usr/local/texlive/2014/texmf-dist/tex/latex/ntgclass/a4.sty
Package: a4 2004/04/15 v1.2g A4 based page layout
)
\c@teo=\count123
\@nomenclaturefile=\write3
\openout3 = `tcc.nlo'.


Writing nomenclature file tcc.nlo
(./tcc.aux (./prefacios/capa/capa.aux) (./prefacios/folha_rosto/folha_rosto.aux
) (./prefacios/resumo/resumo.aux) (./prefacios/abstract/abstract.aux)
(./capitulos/introducao/introducao.aux) (./capitulos/literatura/literatura.aux

LaTeX Warning: Label `fig:iceCreamConAntiPattern' multiply defined.


LaTeX Warning: Label `fig:iceCreamConAntiPattern' multiply defined.


LaTeX Warning: Label `fig:iceCreamConAntiPattern' multiply defined.


LaTeX Warning: Label `fig:iceCreamConAntiPattern' multiply defined.

) (./capitulos/las/analise_las.aux) (./capitulos/validacao/validacao.aux

LaTeX Warning: Label `fig:result-engajamento' multiply defined.


LaTeX Warning: Label `fig:result-engajamento' multiply defined.


LaTeX Warning: Label `fig:result-engajamento' multiply defined.


LaTeX Warning: Label `fig:result-engajamento' multiply defined.


LaTeX Warning: Label `fig:result-engajamento' multiply defined.


LaTeX Warning: Label `fig:result-engajamento' multiply defined.


LaTeX Warning: Label `fig:result-engajamento' multiply defined.


LaTeX Warning: Label `fig:result-engajamento' multiply defined.


LaTeX Warning: Label `fig:result-engajamento' multiply defined.


LaTeX Warning: Label `fig:result-engajamento' multiply defined.


LaTeX Warning: Label `fig:result-engajamento' multiply defined.


LaTeX Warning: Label `fig:result-engajamento' multiply defined.


LaTeX Warning: Label `fig:result-engajamento' multiply defined.


LaTeX Warning: Label `fig:result-engajamento' multiply defined.


LaTeX Warning: Label `fig:result-engajamento' multiply defined.


LaTeX Warning: Label `fig:result-engajamento' multiply defined.


LaTeX Warning: Label `fig:result-engajamento' multiply defined.


LaTeX Warning: Label `fig:result-engajamento' multiply defined.


LaTeX Warning: Label `fig:result-engajamento' multiply defined.


LaTeX Warning: Label `fig:result-engajamento' multiply defined.

) (./capitulos/conclusoes/conclusoes.aux))
\openout1 = `tcc.aux'.

LaTeX Font Info:    Checking defaults for OML/cmm/m/it on input line 76.
LaTeX Font Info:    ... okay on input line 76.
LaTeX Font Info:    Checking defaults for T1/cmr/m/n on input line 76.
LaTeX Font Info:    ... okay on input line 76.
LaTeX Font Info:    Checking defaults for OT1/cmr/m/n on input line 76.
LaTeX Font Info:    ... okay on input line 76.
LaTeX Font Info:    Checking defaults for OMS/cmsy/m/n on input line 76.
LaTeX Font Info:    ... okay on input line 76.
LaTeX Font Info:    Checking defaults for OMX/cmex/m/n on input line 76.
LaTeX Font Info:    ... okay on input line 76.
LaTeX Font Info:    Checking defaults for U/cmr/m/n on input line 76.
LaTeX Font Info:    ... okay on input line 76.
LaTeX Font Info:    Checking defaults for PD1/pdf/m/n on input line 76.
LaTeX Font Info:    ... okay on input line 76.
Package caption Info: Begin \AtBeginDocument code.
Package caption Info: hyperref package is loaded.
Package caption Info: longtable package is loaded.

(/usr/local/texlive/2014/texmf-dist/tex/latex/caption/ltcaption.sty
Package: ltcaption 2013/02/03 v1.3-62 longtable captions (AR)
)
Package caption Info: End \AtBeginDocument code.

(/usr/local/texlive/2014/texmf-dist/tex/context/base/supp-pdf.mkii
[Loading MPS to PDF converter (version 2006.09.02).]
\scratchcounter=\count124
\scratchdimen=\dimen146
\scratchbox=\box34
\nofMPsegments=\count125
\nofMParguments=\count126
\everyMPshowfont=\toks35
\MPscratchCnt=\count127
\MPscratchDim=\dimen147
\MPnumerator=\count128
\makeMPintoPDFobject=\count129
\everyMPtoPDFconversion=\toks36
) (/usr/local/texlive/2014/texmf-dist/tex/latex/oberdiek/epstopdf-base.sty
Package: epstopdf-base 2010/02/09 v2.5 Base part for package epstopdf

(/usr/local/texlive/2014/texmf-dist/tex/latex/oberdiek/grfext.sty
Package: grfext 2010/08/19 v1.1 Manage graphics extensions (HO)
)
Package grfext Info: Graphics extension search list:
(grfext)             [.png,.pdf,.jpg,.mps,.jpeg,.jbig2,.jb2,.PNG,.PDF,.JPG,.JPE
G,.JBIG2,.JB2,.eps]
(grfext)             \AppendGraphicsExtensions on input line 452.

(/usr/local/texlive/2014/texmf-dist/tex/latex/latexconfig/epstopdf-sys.cfg
File: epstopdf-sys.cfg 2010/07/13 v1.3 Configuration of (r)epstopdf for TeX Liv
e
))
*geometry* driver: auto-detecting
*geometry* detected driver: pdftex
*geometry* verbose mode - [ preamble ] result:
* driver: pdftex
* paper: <default>
* layout: <same size as paper>
* layoutoffset:(h,v)=(0.0pt,0.0pt)
* modes: 
* h-part:(L,W,R)=(92.14519pt, 430.00462pt, 92.14519pt)
* v-part:(T,H,B)=(95.39737pt, 556.47656pt, 143.09605pt)
* \paperwidth=614.295pt
* \paperheight=794.96999pt
* \textwidth=469.47046pt
* \textheight=650.43pt
* \oddsidemargin=-2.84544pt
* \evensidemargin=14.45377pt
* \topmargin=-28.45274pt
* \headheight=12.0pt
* \headsep=19.8738pt
* \topskip=12.0pt
* \footskip=30.0pt
* \marginparwidth=57.81621pt
* \marginparsep=7.0pt
* \columnsep=10.0pt
* \skip\footins=10.8pt plus 4.0pt minus 2.0pt
* \hoffset=0.0pt
* \voffset=0.0pt
* \mag=1000
* \@twocolumnfalse
* \@twosidefalse
* \@mparswitchfalse
* \@reversemarginfalse
* (1in=72.27pt=25.4mm, 1cm=28.453pt)

\AtBeginShipoutBox=\box35
Package hyperref Info: Link coloring OFF on input line 76.
(/usr/local/texlive/2014/texmf-dist/tex/latex/hyperref/nameref.sty
Package: nameref 2012/10/27 v2.43 Cross-referencing by name of section

(/usr/local/texlive/2014/texmf-dist/tex/generic/oberdiek/gettitlestring.sty
Package: gettitlestring 2010/12/03 v1.4 Cleanup title references (HO)
)
\c@section@level=\count130
)
LaTeX Info: Redefining \ref on input line 76.
LaTeX Info: Redefining \pageref on input line 76.
LaTeX Info: Redefining \nameref on input line 76.

(./tcc.out) (./tcc.out)
\@outlinefile=\write4
\openout4 = `tcc.out'.

\openout2 = `prefacios/capa/capa.aux'.

 (./prefacios/capa/capa.tex
Package epstopdf Info: Source file: <prefacios/capa/logo-ufrpe.eps>
(epstopdf)                    date: 2014-11-03 21:10:36
(epstopdf)                    size: 41608 bytes
(epstopdf)             Output file: <prefacios/capa/logo-ufrpe-eps-converted-to
.pdf>
(epstopdf)                    date: 2014-11-11 19:05:28
(epstopdf)                    size: 11862 bytes
(epstopdf)             Command: <repstopdf --outfile=prefacios/capa/logo-ufrpe-
eps-converted-to.pdf prefacios/capa/logo-ufrpe.eps>
(epstopdf)             \includegraphics on input line 5.
Package epstopdf Info: Output file is already uptodate.

<prefacios/capa/logo-ufrpe-eps-converted-to.pdf, id=188, 73.27374pt x 95.35625p
t>
File: prefacios/capa/logo-ufrpe-eps-converted-to.pdf Graphic file (type pdf)
 <use prefacios/capa/logo-ufrpe-eps-converted-to.pdf>
Package pdftex.def Info: prefacios/capa/logo-ufrpe-eps-converted-to.pdf used on
 input line 5.
(pdftex.def)             Requested size: 51.29124pt x 66.7489pt.
LaTeX Font Info:    Try loading font information for U+msa on input line 6.

(/usr/local/texlive/2014/texmf-dist/tex/latex/amsfonts/umsa.fd
File: umsa.fd 2013/01/14 v3.01 AMS symbols A
)
LaTeX Font Info:    Try loading font information for U+msb on input line 6.

(/usr/local/texlive/2014/texmf-dist/tex/latex/amsfonts/umsb.fd
File: umsb.fd 2013/01/14 v3.01 AMS symbols B
)
LaTeX Font Info:    Try loading font information for U+lasy on input line 6.

(/usr/local/texlive/2014/texmf-dist/tex/latex/base/ulasy.fd
File: ulasy.fd 1998/08/17 v2.2e LaTeX symbol font definitions
)
Package epstopdf Info: Source file: <prefacios/capa/logo-bsi-presencial-v3-amp.
eps>
(epstopdf)                    date: 2014-11-03 21:10:36
(epstopdf)                    size: 147122 bytes
(epstopdf)             Output file: <prefacios/capa/logo-bsi-presencial-v3-amp-
eps-converted-to.pdf>
(epstopdf)                    date: 2014-11-11 19:05:30
(epstopdf)                    size: 28068 bytes
(epstopdf)             Command: <repstopdf --outfile=prefacios/capa/logo-bsi-pr
esencial-v3-amp-eps-converted-to.pdf prefacios/capa/logo-bsi-presencial-v3-amp.
eps>
(epstopdf)             \includegraphics on input line 19.
Package epstopdf Info: Output file is already uptodate.

<prefacios/capa/logo-bsi-presencial-v3-amp-eps-converted-to.pdf, id=189, 502.87
875pt x 251.94125pt>
File: prefacios/capa/logo-bsi-presencial-v3-amp-eps-converted-to.pdf Graphic fi
le (type pdf)

<use prefacios/capa/logo-bsi-presencial-v3-amp-eps-converted-to.pdf>
Package pdftex.def Info: prefacios/capa/logo-bsi-presencial-v3-amp-eps-converte
d-to.pdf used on input line 19.
(pdftex.def)             Requested size: 251.43875pt x 125.9703pt.
Package babel Info: Redefining portuges shorthand "|
(babel)             in language  on input line 36.
Package babel Info: Redefining portuges shorthand "|
(babel)             in language  on input line 36.
 [1


{/usr/local/texlive/2014/texmf-var/fonts/map/pdftex/updmap/pdftex.map} <./prefa
cios/capa/logo-ufrpe-eps-converted-to.pdf> <./prefacios/capa/logo-bsi-presencia
l-v3-amp-eps-converted-to.pdf>])
\openout2 = `prefacios/folha_rosto/folha_rosto.aux'.

 (./prefacios/folha_rosto/folha_rosto.tex
Underfull \hbox (badness 10000) in paragraph at lines 8--9

 []

Package babel Info: Redefining portuges shorthand "|
(babel)             in language  on input line 19.
Package babel Info: Redefining portuges shorthand "|
(babel)             in language  on input line 19.
[2


]
Underfull \hbox (badness 10000) in paragraph at lines 24--27

 []

Package babel Info: Redefining portuges shorthand "|
(babel)             in language  on input line 29.
Package babel Info: Redefining portuges shorthand "|
(babel)             in language  on input line 29.
[3])
Package babel Info: Redefining portuges shorthand "|
(babel)             in language  on input line 83.
Package babel Info: Redefining portuges shorthand "|
(babel)             in language  on input line 83.
 [4]
\openout2 = `prefacios/resumo/resumo.aux'.

 (./prefacios/resumo/resumo.tex)
Package babel Info: Redefining portuges shorthand "|
(babel)             in language  on input line 90.
Package babel Info: Redefining portuges shorthand "|
(babel)             in language  on input line 90.
 [1



]
\openout2 = `prefacios/abstract/abstract.aux'.

 (./prefacios/abstract/abstract.tex)
Package babel Info: Redefining portuges shorthand "|
(babel)             in language  on input line 91.
Package babel Info: Redefining portuges shorthand "|
(babel)             in language  on input line 91.
 [2



] (./tcc.toc
Package babel Info: Redefining portuges shorthand "|
(babel)             in language  on input line 18.
Package babel Info: Redefining portuges shorthand "|
(babel)             in language  on input line 18.
 [3


]
Package babel Info: Redefining portuges shorthand "|
(babel)             in language  on input line 39.
Package babel Info: Redefining portuges shorthand "|
(babel)             in language  on input line 39.
 [4])
\tf@toc=\write5
\openout5 = `tcc.toc'.

Package babel Info: Redefining portuges shorthand "|
(babel)             in language  on input line 94.
Package babel Info: Redefining portuges shorthand "|
(babel)             in language  on input line 94.
 [5] (./tcc.lof
Package babel Info: Redefining portuges shorthand "|
(babel)             in language  on input line 22.
Package babel Info: Redefining portuges shorthand "|
(babel)             in language  on input line 22.
 [6

])
\tf@lof=\write6
\openout6 = `tcc.lof'.


No file tcc.nls.
Package babel Info: Redefining portuges shorthand "|
(babel)             in language  on input line 97.
Package babel Info: Redefining portuges shorthand "|
(babel)             in language  on input line 97.
[7]
\openout2 = `capitulos/introducao/introducao.aux'.

 (./capitulos/introducao/introducao.tex
Cap\'{\i }tulo 1.
Package babel Info: Redefining portuges shorthand "|
(babel)             in language  on input line 1.
Package babel Info: Redefining portuges shorthand "|
(babel)             in language  on input line 3.
Package babel Info: Redefining portuges shorthand "|
(babel)             in language  on input line 11.
Package babel Info: Redefining portuges shorthand "|
(babel)             in language  on input line 14.
Package babel Info: Redefining portuges shorthand "|
(babel)             in language  on input line 14.
pdfTeX warning (ext4): destination with the same identifier (name{page.1}) has 
been already used, duplicate ignored
<to be read again> 
                   \relax 
l.14 
      [1



]
LaTeX Font Info:    Try loading font information for OMS+cmr on input line 21.
 (/usr/local/texlive/2014/texmf-dist/tex/latex/base/omscmr.fd
File: omscmr.fd 1999/05/25 v2.5h Standard LaTeX font definitions
)
LaTeX Font Info:    Font shape `OMS/cmr/m/n' in size <12> not available
(Font)              Font shape `OMS/cmsy/m/n' tried instead on input line 21.
Package babel Info: Redefining portuges shorthand "|
(babel)             in language  on input line 23.
Package babel Info: Redefining portuges shorthand "|
(babel)             in language  on input line 23.
pdfTeX warning (ext4): destination with the same identifier (name{page.2}) has 
been already used, duplicate ignored
<to be read again> 
                   \relax 
l.23 	\item C
             ertificação de que pontos de integração externos estão tra...
[2]
Package epstopdf Info: Source file: <capitulos/literatura/iceCreamConAntiPatter
n.eps>
(epstopdf)                    date: 2015-01-11 20:16:03
(epstopdf)                    size: 7192616 bytes
(epstopdf)             Output file: <capitulos/literatura/iceCreamConAntiPatter
n-eps-converted-to.pdf>
(epstopdf)                    date: 2015-01-11 20:17:58
(epstopdf)                    size: 83414 bytes
(epstopdf)             Command: <repstopdf --outfile=capitulos/literatura/iceCr
eamConAntiPattern-eps-converted-to.pdf capitulos/literatura/iceCreamConAntiPatt
ern.eps>
(epstopdf)             \includegraphics on input line 36.
Package epstopdf Info: Output file is already uptodate.

<capitulos/literatura/iceCreamConAntiPattern-eps-converted-to.pdf, id=387, 982.
67125pt x 1212.53pt>
File: capitulos/literatura/iceCreamConAntiPattern-eps-converted-to.pdf Graphic 
file (type pdf)

<use capitulos/literatura/iceCreamConAntiPattern-eps-converted-to.pdf>
Package pdftex.def Info: capitulos/literatura/iceCreamConAntiPattern-eps-conver
ted-to.pdf used on input line 36.
(pdftex.def)             Requested size: 343.9401pt x 424.39186pt.
Package babel Info: Redefining portuges shorthand "|
(babel)             in language  on input line 40.
Package babel Info: Redefining portuges shorthand "|
(babel)             in language  on input line 40.
pdfTeX warning (ext4): destination with the same identifier (name{page.3}) has 
been already used, duplicate ignored
<to be read again> 
                   \relax 
l.40 
      [3]
Package babel Info: Redefining portuges shorthand "|
(babel)             in language  on input line 44.
Package babel Info: Redefining portuges shorthand "|
(babel)             in language  on input line 44.
pdfTeX warning (ext4): destination with the same identifier (name{page.4}) has 
been already used, duplicate ignored
<to be read again> 
                   \relax 
l.44 
      [4 <./capitulos/literatura/iceCreamConAntiPattern-eps-converted-to.pdf>]
Package epstopdf Info: Source file: <capitulos/literatura/automatedtestingpyram
id.eps>
(epstopdf)                    date: 2015-01-11 20:34:00
(epstopdf)                    size: 5976241 bytes
(epstopdf)             Output file: <capitulos/literatura/automatedtestingpyram
id-eps-converted-to.pdf>
(epstopdf)                    date: 2015-01-11 20:35:30
(epstopdf)                    size: 93309 bytes
(epstopdf)             Command: <repstopdf --outfile=capitulos/literatura/autom
atedtestingpyramid-eps-converted-to.pdf capitulos/literatura/automatedtestingpy
ramid.eps>
(epstopdf)             \includegraphics on input line 48.
Package epstopdf Info: Output file is already uptodate.

<capitulos/literatura/automatedtestingpyramid-eps-converted-to.pdf, id=401, 117
5.39125pt x 842.14626pt>
File: capitulos/literatura/automatedtestingpyramid-eps-converted-to.pdf Graphic
 file (type pdf)

<use capitulos/literatura/automatedtestingpyramid-eps-converted-to.pdf>
Package pdftex.def Info: capitulos/literatura/automatedtestingpyramid-eps-conve
rted-to.pdf used on input line 48.
(pdftex.def)             Requested size: 411.39311pt x 294.7556pt.
Package babel Info: Redefining portuges shorthand "|
(babel)             in language  on input line 56.
Package babel Info: Redefining portuges shorthand "|
(babel)             in language  on input line 58.
Package babel Info: Redefining portuges shorthand "|
(babel)             in language  on input line 61.
Package babel Info: Redefining portuges shorthand "|
(babel)             in language  on input line 61.

[5 <./capitulos/literatura/automatedtestingpyramid-eps-converted-to.pdf>]
Package babel Info: Redefining portuges shorthand "|
(babel)             in language  on input line 62.
Package babel Info: Redefining portuges shorthand "|
(babel)             in language  on input line 73.
)
Package babel Info: Redefining portuges shorthand "|
(babel)             in language  on input line 128.
Package babel Info: Redefining portuges shorthand "|
(babel)             in language  on input line 128.

[6]
Package babel Info: Redefining portuges shorthand "|
(babel)             in language  on input line 128.
Package babel Info: Redefining portuges shorthand "|
(babel)             in language  on input line 128.
 [7]
\openout2 = `capitulos/literatura/literatura.aux'.

 (./capitulos/literatura/literatura.tex
Cap\'{\i }tulo 2.
Package babel Info: Redefining portuges shorthand "|
(babel)             in language  on input line 1.
Package babel Info: Redefining portuges shorthand "|
(babel)             in language  on input line 5.
Package babel Info: Redefining portuges shorthand "|
(babel)             in language  on input line 11.
Package babel Info: Redefining portuges shorthand "|
(babel)             in language  on input line 15.
Package babel Info: Redefining portuges shorthand "|
(babel)             in language  on input line 15.
[8



]
Package babel Info: Redefining portuges shorthand "|
(babel)             in language  on input line 15.
Package babel Info: Redefining portuges shorthand "|
(babel)             in language  on input line 19.
Package babel Info: Redefining portuges shorthand "|
(babel)             in language  on input line 25.
Package babel Info: Redefining portuges shorthand "|
(babel)             in language  on input line 29.
Package babel Info: Redefining portuges shorthand "|
(babel)             in language  on input line 32.
Package babel Info: Redefining portuges shorthand "|
(babel)             in language  on input line 32.
 [9]
Package babel Info: Redefining portuges shorthand "|
(babel)             in language  on input line 33.
Package babel Info: Redefining portuges shorthand "|
(babel)             in language  on input line 37.
Package babel Info: Redefining portuges shorthand "|
(babel)             in language  on input line 41.
Package babel Info: Redefining portuges shorthand "|
(babel)             in language  on input line 44.
Package babel Info: Redefining portuges shorthand "|
(babel)             in language  on input line 44.
 [10]
Package babel Info: Redefining portuges shorthand "|
(babel)             in language  on input line 45.
Package babel Info: Redefining portuges shorthand "|
(babel)             in language  on input line 49.
Package babel Info: Redefining portuges shorthand "|
(babel)             in language  on input line 53.
Package babel Info: Redefining portuges shorthand "|
(babel)             in language  on input line 53.
 [11]
Package babel Info: Redefining portuges shorthand "|
(babel)             in language  on input line 53.
Package babel Info: Redefining portuges shorthand "|
(babel)             in language  on input line 67.
Package babel Info: Redefining portuges shorthand "|
(babel)             in language  on input line 72.
Package babel Info: Redefining portuges shorthand "|
(babel)             in language  on input line 72.
 [12]
Package babel Info: Redefining portuges shorthand "|
(babel)             in language  on input line 77.
Package babel Info: Redefining portuges shorthand "|
(babel)             in language  on input line 86.
Package babel Info: Redefining portuges shorthand "|
(babel)             in language  on input line 86.
 [13]
Package babel Info: Redefining portuges shorthand "|
(babel)             in language  on input line 93.
Package babel Info: Redefining portuges shorthand "|
(babel)             in language  on input line 103.
Package babel Info: Redefining portuges shorthand "|
(babel)             in language  on input line 103.
 [14]
Package babel Info: Redefining portuges shorthand "|
(babel)             in language  on input line 108.
Package babel Info: Redefining portuges shorthand "|
(babel)             in language  on input line 124.
Package babel Info: Redefining portuges shorthand "|
(babel)             in language  on input line 124.
 [15]
Package babel Info: Redefining portuges shorthand "|
(babel)             in language  on input line 135.
Package babel Info: Redefining portuges shorthand "|
(babel)             in language  on input line 135.
 [16]
Package babel Info: Redefining portuges shorthand "|
(babel)             in language  on input line 136.
Package babel Info: Redefining portuges shorthand "|
(babel)             in language  on input line 152.
Package babel Info: Redefining portuges shorthand "|
(babel)             in language  on input line 155.
Package babel Info: Redefining portuges shorthand "|
(babel)             in language  on input line 155.
 [17]
Package epstopdf Info: Source file: <capitulos/literatura/userStory.eps>
(epstopdf)                    date: 2015-01-17 14:08:28
(epstopdf)                    size: 3772968 bytes
(epstopdf)             Output file: <capitulos/literatura/userStory-eps-convert
ed-to.pdf>
(epstopdf)                    date: 2015-01-17 14:09:46
(epstopdf)                    size: 42983 bytes
(epstopdf)             Command: <repstopdf --outfile=capitulos/literatura/userS
tory-eps-converted-to.pdf capitulos/literatura/userStory.eps>
(epstopdf)             \includegraphics on input line 165.
Package epstopdf Info: Output file is already uptodate.

<capitulos/literatura/userStory-eps-converted-to.pdf, id=523, 465.74pt x 335.25
25pt>
File: capitulos/literatura/userStory-eps-converted-to.pdf Graphic file (type pd
f)
 <use capitulos/literatura/userStory-eps-converted-to.pdf>
Package pdftex.def Info: capitulos/literatura/userStory-eps-converted-to.pdf us
ed on input line 165.
(pdftex.def)             Requested size: 163.01143pt x 117.34013pt.
Package epstopdf Info: Source file: <capitulos/literatura/exemploUserStory.eps>

(epstopdf)                    date: 2015-01-17 14:19:37
(epstopdf)                    size: 6343824 bytes
(epstopdf)             Output file: <capitulos/literatura/exemploUserStory-eps-
converted-to.pdf>
(epstopdf)                    date: 2015-01-17 14:20:43
(epstopdf)                    size: 106584 bytes
(epstopdf)             Command: <repstopdf --outfile=capitulos/literatura/exemp
loUserStory-eps-converted-to.pdf capitulos/literatura/exemploUserStory.eps>
(epstopdf)             \includegraphics on input line 175.
Package epstopdf Info: Output file is already uptodate.

<capitulos/literatura/exemploUserStory-eps-converted-to.pdf, id=524, 785.93625p
t x 334.24875pt>
File: capitulos/literatura/exemploUserStory-eps-converted-to.pdf Graphic file (
type pdf)

<use capitulos/literatura/exemploUserStory-eps-converted-to.pdf>
Package pdftex.def Info: capitulos/literatura/exemploUserStory-eps-converted-to
.pdf used on input line 175.
(pdftex.def)             Requested size: 275.0818pt x 116.9888pt.
Package babel Info: Redefining portuges shorthand "|
(babel)             in language  on input line 179.
Package babel Info: Redefining portuges shorthand "|
(babel)             in language  on input line 179.
 [18 <./capitulos/literatura/userStory-eps-converted-to.pdf>]
Package epstopdf Info: Source file: <capitulos/literatura/modeloCenario.eps>
(epstopdf)                    date: 2015-01-17 14:33:49
(epstopdf)                    size: 4478597 bytes
(epstopdf)             Output file: <capitulos/literatura/modeloCenario-eps-con
verted-to.pdf>
(epstopdf)                    date: 2015-01-17 14:40:28
(epstopdf)                    size: 79648 bytes
(epstopdf)             Command: <repstopdf --outfile=capitulos/literatura/model
oCenario-eps-converted-to.pdf capitulos/literatura/modeloCenario.eps>
(epstopdf)             \includegraphics on input line 188.
Package epstopdf Info: Output file is already uptodate.

<capitulos/literatura/modeloCenario-eps-converted-to.pdf, id=534, 785.93625pt x
 235.88126pt>
File: capitulos/literatura/modeloCenario-eps-converted-to.pdf Graphic file (typ
e pdf)
 <use capitulos/literatura/modeloCenario-eps-converted-to.pdf>
Package pdftex.def Info: capitulos/literatura/modeloCenario-eps-converted-to.pd
f used on input line 188.
(pdftex.def)             Requested size: 275.0818pt x 82.55966pt.
Package babel Info: Redefining portuges shorthand "|
(babel)             in language  on input line 196.
Package babel Info: Redefining portuges shorthand "|
(babel)             in language  on input line 196.

[19 <./capitulos/literatura/exemploUserStory-eps-converted-to.pdf> <./capitulos
/literatura/modeloCenario-eps-converted-to.pdf>]
Package babel Info: Redefining portuges shorthand "|
(babel)             in language  on input line 200.
Package babel Info: Redefining portuges shorthand "|
(babel)             in language  on input line 209.
Package babel Info: Redefining portuges shorthand "|
(babel)             in language  on input line 209.
 [20]
Package epstopdf Info: Source file: <capitulos/literatura/exemoloCenario.eps>
(epstopdf)                    date: 2015-01-17 14:36:37
(epstopdf)                    size: 4503367 bytes
(epstopdf)             Output file: <capitulos/literatura/exemoloCenario-eps-co
nverted-to.pdf>
(epstopdf)                    date: 2015-01-17 14:45:37
(epstopdf)                    size: 90931 bytes
(epstopdf)             Command: <repstopdf --outfile=capitulos/literatura/exemo
loCenario-eps-converted-to.pdf capitulos/literatura/exemoloCenario.eps>
(epstopdf)             \includegraphics on input line 217.
Package epstopdf Info: Output file is already uptodate.

<capitulos/literatura/exemoloCenario-eps-converted-to.pdf, id=554, 786.94pt x 2
36.885pt>
File: capitulos/literatura/exemoloCenario-eps-converted-to.pdf Graphic file (ty
pe pdf)
 <use capitulos/literatura/exemoloCenario-eps-converted-to.pdf>
Package pdftex.def Info: capitulos/literatura/exemoloCenario-eps-converted-to.p
df used on input line 217.
(pdftex.def)             Requested size: 275.43312pt x 82.91098pt.
)
Package babel Info: Redefining portuges shorthand "|
(babel)             in language  on input line 129.
Package babel Info: Redefining portuges shorthand "|
(babel)             in language  on input line 129.

[21 <./capitulos/literatura/exemoloCenario-eps-converted-to.pdf>]
\openout2 = `capitulos/las/analise_las.aux'.


(./capitulos/las/analise_las.tex
Cap\'{\i }tulo 3.
Package babel Info: Redefining portuges shorthand "|
(babel)             in language  on input line 1.
Package babel Info: Redefining portuges shorthand "|
(babel)             in language  on input line 16.
Package babel Info: Redefining portuges shorthand "|
(babel)             in language  on input line 19.
Package babel Info: Redefining portuges shorthand "|
(babel)             in language  on input line 19.
[22



]
Package babel Info: Redefining portuges shorthand "|
(babel)             in language  on input line 20.
Package babel Info: Redefining portuges shorthand "|
(babel)             in language  on input line 33.
Package babel Info: Redefining portuges shorthand "|
(babel)             in language  on input line 33.
 [23]
Package babel Info: Redefining portuges shorthand "|
(babel)             in language  on input line 40.
Package babel Info: Redefining portuges shorthand "|
(babel)             in language  on input line 44.
Package babel Info: Redefining portuges shorthand "|
(babel)             in language  on input line 48.
Package babel Info: Redefining portuges shorthand "|
(babel)             in language  on input line 51.
Package babel Info: Redefining portuges shorthand "|
(babel)             in language  on input line 51.
 [24]
Package babel Info: Redefining portuges shorthand "|
(babel)             in language  on input line 52.
Package babel Info: Redefining portuges shorthand "|
(babel)             in language  on input line 56.
)
Package babel Info: Redefining portuges shorthand "|
(babel)             in language  on input line 130.
Package babel Info: Redefining portuges shorthand "|
(babel)             in language  on input line 130.
 [25]
\openout2 = `capitulos/validacao/validacao.aux'.

 (./capitulos/validacao/validacao.tex
Cap\'{\i }tulo 4.
Package babel Info: Redefining portuges shorthand "|
(babel)             in language  on input line 1.
Package babel Info: Redefining portuges shorthand "|
(babel)             in language  on input line 3.
Package babel Info: Redefining portuges shorthand "|
(babel)             in language  on input line 11.
Package babel Info: Redefining portuges shorthand "|
(babel)             in language  on input line 11.
[26



]
Package babel Info: Redefining portuges shorthand "|
(babel)             in language  on input line 17.
Package epstopdf Info: Source file: <capitulos/validacao/figuras/arquiteturaDoS
istemaDesenvolvido.eps>
(epstopdf)                    date: 2015-01-17 16:09:22
(epstopdf)                    size: 402914 bytes
(epstopdf)             Output file: <capitulos/validacao/figuras/arquiteturaDoS
istemaDesenvolvido-eps-converted-to.pdf>
(epstopdf)                    date: 2015-01-17 16:10:47
(epstopdf)                    size: 16085 bytes
(epstopdf)             Command: <repstopdf --outfile=capitulos/validacao/figura
s/arquiteturaDoSistemaDesenvolvido-eps-converted-to.pdf capitulos/validacao/fig
uras/arquiteturaDoSistemaDesenvolvido.eps>
(epstopdf)             \includegraphics on input line 26.
Package epstopdf Info: Output file is already uptodate.

<capitulos/validacao/figuras/arquiteturaDoSistemaDesenvolvido-eps-converted-to.
pdf, id=592, 242.9075pt x 271.0125pt>
File: capitulos/validacao/figuras/arquiteturaDoSistemaDesenvolvido-eps-converte
d-to.pdf Graphic file (type pdf)

<use capitulos/validacao/figuras/arquiteturaDoSistemaDesenvolvido-eps-converted
-to.pdf>
Package pdftex.def Info: capitulos/validacao/figuras/arquiteturaDoSistemaDesenv
olvido-eps-converted-to.pdf used on input line 26.
(pdftex.def)             Requested size: 194.32625pt x 216.81029pt.
Package babel Info: Redefining portuges shorthand "|
(babel)             in language  on input line 30.
Package babel Info: Redefining portuges shorthand "|
(babel)             in language  on input line 30.
 [27]
Package babel Info: Redefining portuges shorthand "|
(babel)             in language  on input line 33.
Package epstopdf Info: Source file: <capitulos/validacao/figuras/automationTest
Process.eps>
(epstopdf)                    date: 2015-01-17 16:17:03
(epstopdf)                    size: 178489 bytes
(epstopdf)             Output file: <capitulos/validacao/figuras/automationTest
Process-eps-converted-to.pdf>
(epstopdf)                    date: 2015-01-17 16:18:34
(epstopdf)                    size: 14423 bytes
(epstopdf)             Command: <repstopdf --outfile=capitulos/validacao/figura
s/automationTestProcess-eps-converted-to.pdf capitulos/validacao/figuras/automa
tionTestProcess.eps>
(epstopdf)             \includegraphics on input line 40.
Package epstopdf Info: Output file is already uptodate.

<capitulos/validacao/figuras/automationTestProcess-eps-converted-to.pdf, id=599
, 425.59pt x 67.25125pt>
File: capitulos/validacao/figuras/automationTestProcess-eps-converted-to.pdf Gr
aphic file (type pdf)

<use capitulos/validacao/figuras/automationTestProcess-eps-converted-to.pdf>
Package pdftex.def Info: capitulos/validacao/figuras/automationTestProcess-eps-
converted-to.pdf used on input line 40.
(pdftex.def)             Requested size: 340.47244pt x 53.80106pt.
Package babel Info: Redefining portuges shorthand "|
(babel)             in language  on input line 44.
Package babel Info: Redefining portuges shorthand "|
(babel)             in language  on input line 44.

[28 <./capitulos/validacao/figuras/arquiteturaDoSistemaDesenvolvido-eps-convert
ed-to.pdf>]
Package babel Info: Redefining portuges shorthand "|
(babel)             in language  on input line 47.
Package babel Info: Redefining portuges shorthand "|
(babel)             in language  on input line 51.
Package babel Info: Redefining portuges shorthand "|
(babel)             in language  on input line 54.
Package babel Info: Redefining portuges shorthand "|
(babel)             in language  on input line 54.
 [29 <./capitulos/validacao/figuras/automationTestProcess-eps-converted-to.pdf>
]
Package epstopdf Info: Source file: <capitulos/validacao/figuras/testesUnitEdIn
tegra.eps>
(epstopdf)                    date: 2015-01-17 16:21:02
(epstopdf)                    size: 516759 bytes
(epstopdf)             Output file: <capitulos/validacao/figuras/testesUnitEdIn
tegra-eps-converted-to.pdf>
(epstopdf)                    date: 2015-01-17 16:32:20
(epstopdf)                    size: 16386 bytes
(epstopdf)             Command: <repstopdf --outfile=capitulos/validacao/figura
s/testesUnitEdIntegra-eps-converted-to.pdf capitulos/validacao/figuras/testesUn
itEdIntegra.eps>
(epstopdf)             \includegraphics on input line 58.
Package epstopdf Info: Output file is already uptodate.

<capitulos/validacao/figuras/testesUnitEdIntegra-eps-converted-to.pdf, id=614, 
332.24126pt x 254.9525pt>
File: capitulos/validacao/figuras/testesUnitEdIntegra-eps-converted-to.pdf Grap
hic file (type pdf)

<use capitulos/validacao/figuras/testesUnitEdIntegra-eps-converted-to.pdf>
Package pdftex.def Info: capitulos/validacao/figuras/testesUnitEdIntegra-eps-co
nverted-to.pdf used on input line 58.
(pdftex.def)             Requested size: 265.79335pt x 203.96225pt.
Package babel Info: Redefining portuges shorthand "|
(babel)             in language  on input line 70.
Package babel Info: Redefining portuges shorthand "|
(babel)             in language  on input line 70.

[30 <./capitulos/validacao/figuras/testesUnitEdIntegra-eps-converted-to.pdf>]
Package epstopdf Info: Source file: <capitulos/validacao/figuras/testeConstruto
rJAudioCommunicator.eps>
(epstopdf)                    date: 2015-01-17 16:27:31
(epstopdf)                    size: 1383982 bytes
(epstopdf)             Output file: <capitulos/validacao/figuras/testeConstruto
rJAudioCommunicator-eps-converted-to.pdf>
(epstopdf)                    date: 2015-01-17 16:50:10
(epstopdf)                    size: 32688 bytes
(epstopdf)             Command: <repstopdf --outfile=capitulos/validacao/figura
s/testeConstrutorJAudioCommunicator-eps-converted-to.pdf capitulos/validacao/fi
guras/testeConstrutorJAudioCommunicator.eps>
(epstopdf)             \includegraphics on input line 75.
Package epstopdf Info: Output file is already uptodate.

<capitulos/validacao/figuras/testeConstrutorJAudioCommunicator-eps-converted-to
.pdf, id=622, 669.50125pt x 85.31876pt>
File: capitulos/validacao/figuras/testeConstrutorJAudioCommunicator-eps-convert
ed-to.pdf Graphic file (type pdf)

<use capitulos/validacao/figuras/testeConstrutorJAudioCommunicator-eps-converte
d-to.pdf>
Package pdftex.def Info: capitulos/validacao/figuras/testeConstrutorJAudioCommu
nicator-eps-converted-to.pdf used on input line 75.
(pdftex.def)             Requested size: 435.17065pt x 55.45651pt.
Package epstopdf Info: Source file: <capitulos/validacao/figuras/testeUniJaudio
Communicator.eps>
(epstopdf)                    date: 2015-01-17 16:30:22
(epstopdf)                    size: 2249994 bytes
(epstopdf)             Output file: <capitulos/validacao/figuras/testeUniJaudio
Communicator-eps-converted-to.pdf>
(epstopdf)                    date: 2015-01-17 16:32:23
(epstopdf)                    size: 54580 bytes
(epstopdf)             Command: <repstopdf --outfile=capitulos/validacao/figura
s/testeUniJaudioCommunicator-eps-converted-to.pdf capitulos/validacao/figuras/t
esteUniJaudioCommunicator.eps>
(epstopdf)             \includegraphics on input line 85.
Package epstopdf Info: Output file is already uptodate.

<capitulos/validacao/figuras/testeUniJaudioCommunicator-eps-converted-to.pdf, i
d=623, 671.50874pt x 138.5175pt>
File: capitulos/validacao/figuras/testeUniJaudioCommunicator-eps-converted-to.p
df Graphic file (type pdf)

<use capitulos/validacao/figuras/testeUniJaudioCommunicator-eps-converted-to.pd
f>
Package pdftex.def Info: capitulos/validacao/figuras/testeUniJaudioCommunicator
-eps-converted-to.pdf used on input line 85.
(pdftex.def)             Requested size: 436.47551pt x 90.0353pt.
Package epstopdf Info: Source file: <capitulos/validacao/figuras/testesIntegrac
aoJAudioCommunicator.eps>
(epstopdf)                    date: 2015-01-17 16:37:16
(epstopdf)                    size: 3945676 bytes
(epstopdf)             Output file: <capitulos/validacao/figuras/testesIntegrac
aoJAudioCommunicator-eps-converted-to.pdf>
(epstopdf)                    date: 2015-01-17 16:39:21
(epstopdf)                    size: 103334 bytes
(epstopdf)             Command: <repstopdf --outfile=capitulos/validacao/figura
s/testesIntegracaoJAudioCommunicator-eps-converted-to.pdf capitulos/validacao/f
iguras/testesIntegracaoJAudioCommunicator.eps>
(epstopdf)             \includegraphics on input line 97.
Package epstopdf Info: Output file is already uptodate.

<capitulos/validacao/figuras/testesIntegracaoJAudioCommunicator-eps-converted-t
o.pdf, id=624, 669.50125pt x 243.91125pt>
File: capitulos/validacao/figuras/testesIntegracaoJAudioCommunicator-eps-conver
ted-to.pdf Graphic file (type pdf)

<use capitulos/validacao/figuras/testesIntegracaoJAudioCommunicator-eps-convert
ed-to.pdf>
Package pdftex.def Info: capitulos/validacao/figuras/testesIntegracaoJAudioComm
unicator-eps-converted-to.pdf used on input line 97.
(pdftex.def)             Requested size: 435.17065pt x 158.54042pt.
Package babel Info: Redefining portuges shorthand "|
(babel)             in language  on input line 101.
Package babel Info: Redefining portuges shorthand "|
(babel)             in language  on input line 101.
 [31 <./capitulos/validacao/figuras/testeConstrutorJAudioCommunicator-eps-conve
rted-to.pdf> <./capitulos/validacao/figuras/testeUniJaudioCommunicator-eps-conv
erted-to.pdf>]
Package epstopdf Info: Source file: <capitulos/validacao/figuras/testeConstruto
rACECommunicator.eps>
(epstopdf)                    date: 2015-01-17 16:42:55
(epstopdf)                    size: 1383982 bytes
(epstopdf)             Output file: <capitulos/validacao/figuras/testeConstruto
rACECommunicator-eps-converted-to.pdf>
(epstopdf)                    date: 2015-01-17 16:50:12
(epstopdf)                    size: 29061 bytes
(epstopdf)             Command: <repstopdf --outfile=capitulos/validacao/figura
s/testeConstrutorACECommunicator-eps-converted-to.pdf capitulos/validacao/figur
as/testeConstrutorACECommunicator.eps>
(epstopdf)             \includegraphics on input line 111.
Package epstopdf Info: Output file is already uptodate.

<capitulos/validacao/figuras/testeConstrutorACECommunicator-eps-converted-to.pd
f, id=635, 669.50125pt x 85.31876pt>
File: capitulos/validacao/figuras/testeConstrutorACECommunicator-eps-converted-
to.pdf Graphic file (type pdf)

<use capitulos/validacao/figuras/testeConstrutorACECommunicator-eps-converted-t
o.pdf>
Package pdftex.def Info: capitulos/validacao/figuras/testeConstrutorACECommunic
ator-eps-converted-to.pdf used on input line 111.
(pdftex.def)             Requested size: 435.17065pt x 55.45651pt.
Package babel Info: Redefining portuges shorthand "|
(babel)             in language  on input line 119.
Package babel Info: Redefining portuges shorthand "|
(babel)             in language  on input line 119.
 [32 <./capitulos/validacao/figuras/testesIntegracaoJAudioCommunicator-eps-conv
erted-to.pdf> <./capitulos/validacao/figuras/testeConstrutorACECommunicator-eps
-converted-to.pdf>]
Package epstopdf Info: Source file: <capitulos/validacao/figuras/testeUniACECom
municator.eps>
(epstopdf)                    date: 2015-01-17 16:43:57
(epstopdf)                    size: 6377660 bytes
(epstopdf)             Output file: <capitulos/validacao/figuras/testeUniACECom
municator-eps-converted-to.pdf>
(epstopdf)                    date: 2015-01-17 16:50:14
(epstopdf)                    size: 147224 bytes
(epstopdf)             Command: <repstopdf --outfile=capitulos/validacao/figura
s/testeUniACECommunicator-eps-converted-to.pdf capitulos/validacao/figuras/test
eUniACECommunicator.eps>
(epstopdf)             \includegraphics on input line 123.
Package epstopdf Info: Output file is already uptodate.

<capitulos/validacao/figuras/testeUniACECommunicator-eps-converted-to.pdf, id=6
47, 669.50125pt x 394.47375pt>
File: capitulos/validacao/figuras/testeUniACECommunicator-eps-converted-to.pdf 
Graphic file (type pdf)

<use capitulos/validacao/figuras/testeUniACECommunicator-eps-converted-to.pdf>
Package pdftex.def Info: capitulos/validacao/figuras/testeUniACECommunicator-ep
s-converted-to.pdf used on input line 123.
(pdftex.def)             Requested size: 435.17065pt x 256.40489pt.
Package epstopdf Info: Source file: <capitulos/validacao/figuras/testesIntegrac
aoACECommunicator.eps>
(epstopdf)                    date: 2015-01-17 16:52:39
(epstopdf)                    size: 2563746 bytes
(epstopdf)             Output file: <capitulos/validacao/figuras/testesIntegrac
aoACECommunicator-eps-converted-to.pdf>
(epstopdf)                    date: 2015-01-17 16:54:01
(epstopdf)                    size: 139720 bytes
(epstopdf)             Command: <repstopdf --outfile=capitulos/validacao/figura
s/testesIntegracaoACECommunicator-eps-converted-to.pdf capitulos/validacao/figu
ras/testesIntegracaoACECommunicator.eps>
(epstopdf)             \includegraphics on input line 135.
Package epstopdf Info: Output file is already uptodate.

<capitulos/validacao/figuras/testesIntegracaoACECommunicator-eps-converted-to.p
df, id=648, 682.55pt x 621.32124pt>
File: capitulos/validacao/figuras/testesIntegracaoACECommunicator-eps-converted
-to.pdf Graphic file (type pdf)

<use capitulos/validacao/figuras/testesIntegracaoACECommunicator-eps-converted-
to.pdf>
Package pdftex.def Info: capitulos/validacao/figuras/testesIntegracaoACECommuni
cator-eps-converted-to.pdf used on input line 135.
(pdftex.def)             Requested size: 443.65225pt x 403.85402pt.
Package babel Info: Redefining portuges shorthand "|
(babel)             in language  on input line 139.
Package babel Info: Redefining portuges shorthand "|
(babel)             in language  on input line 139.
 [33 <./capitulos/validacao/figuras/testeUniACECommunicator-eps-converted-to.pd
f>]
Package epstopdf Info: Source file: <capitulos/validacao/figuras/exemploTesteIm
plementado.eps>
(epstopdf)                    date: 2015-01-21 22:15:35
(epstopdf)                    size: 4813920 bytes
(epstopdf)             Output file: <capitulos/validacao/figuras/exemploTesteIm
plementado-eps-converted-to.pdf>
(epstopdf)                    date: 2015-01-21 22:23:29
(epstopdf)                    size: 85919 bytes
(epstopdf)             Command: <repstopdf --outfile=capitulos/validacao/figura
s/exemploTesteImplementado-eps-converted-to.pdf capitulos/validacao/figuras/exe
mploTesteImplementado.eps>
(epstopdf)             \includegraphics on input line 147.
Package epstopdf Info: Output file is already uptodate.

<capitulos/validacao/figuras/exemploTesteImplementado-eps-converted-to.pdf, id=
656, 863.225pt x 230.8625pt>
File: capitulos/validacao/figuras/exemploTesteImplementado-eps-converted-to.pdf
 Graphic file (type pdf)

<use capitulos/validacao/figuras/exemploTesteImplementado-eps-converted-to.pdf>
Package pdftex.def Info: capitulos/validacao/figuras/exemploTesteImplementado-e
ps-converted-to.pdf used on input line 147.
(pdftex.def)             Requested size: 474.77522pt x 126.97476pt.

Overfull \hbox (5.30476pt too wide) in paragraph at lines 147--148
 [][] 
 []

Package babel Info: Redefining portuges shorthand "|
(babel)             in language  on input line 151.
Package babel Info: Redefining portuges shorthand "|
(babel)             in language  on input line 151.
[34 <./capitulos/validacao/figuras/testesIntegracaoACECommunicator-eps-converte
d-to.pdf>]
Package epstopdf Info: Source file: <capitulos/validacao/figuras/outroTesteImpl
ementado.eps>
(epstopdf)                    date: 2015-01-21 22:18:24
(epstopdf)                    size: 3753134 bytes
(epstopdf)             Output file: <capitulos/validacao/figuras/outroTesteImpl
ementado-eps-converted-to.pdf>
(epstopdf)                    date: 2015-01-21 22:23:31
(epstopdf)                    size: 66525 bytes
(epstopdf)             Command: <repstopdf --outfile=capitulos/validacao/figura
s/outroTesteImplementado-eps-converted-to.pdf capitulos/validacao/figuras/outro
TesteImplementado.eps>
(epstopdf)             \includegraphics on input line 157.
Package epstopdf Info: Output file is already uptodate.

<capitulos/validacao/figuras/outroTesteImplementado-eps-converted-to.pdf, id=66
4, 754.82pt x 205.76875pt>
File: capitulos/validacao/figuras/outroTesteImplementado-eps-converted-to.pdf G
raphic file (type pdf)

<use capitulos/validacao/figuras/outroTesteImplementado-eps-converted-to.pdf>
Package pdftex.def Info: capitulos/validacao/figuras/outroTesteImplementado-eps
-converted-to.pdf used on input line 157.
(pdftex.def)             Requested size: 415.1523pt x 113.17316pt.
Package babel Info: Redefining portuges shorthand "|
(babel)             in language  on input line 164.
Package epstopdf Info: Source file: <capitulos/validacao/figuras/interfaceDaApl
icacao.eps>
(epstopdf)                    date: 2015-01-18 14:04:25
(epstopdf)                    size: 3551867 bytes
(epstopdf)             Output file: <capitulos/validacao/figuras/interfaceDaApl
icacao-eps-converted-to.pdf>
(epstopdf)                    date: 2015-01-18 14:13:20
(epstopdf)                    size: 98291 bytes
(epstopdf)             Command: <repstopdf --outfile=capitulos/validacao/figura
s/interfaceDaAplicacao-eps-converted-to.pdf capitulos/validacao/figuras/interfa
ceDaAplicacao.eps>
(epstopdf)             \includegraphics on input line 172.
Package epstopdf Info: Output file is already uptodate.

<capitulos/validacao/figuras/interfaceDaAplicacao-eps-converted-to.pdf, id=665,
 281.05pt x 522.95375pt>
File: capitulos/validacao/figuras/interfaceDaAplicacao-eps-converted-to.pdf Gra
phic file (type pdf)

<use capitulos/validacao/figuras/interfaceDaAplicacao-eps-converted-to.pdf>
Package pdftex.def Info: capitulos/validacao/figuras/interfaceDaAplicacao-eps-c
onverted-to.pdf used on input line 172.
(pdftex.def)             Requested size: 182.68033pt x 339.91591pt.
Package babel Info: Redefining portuges shorthand "|
(babel)             in language  on input line 176.
Package babel Info: Redefining portuges shorthand "|
(babel)             in language  on input line 176.

[35 <./capitulos/validacao/figuras/exemploTesteImplementado-eps-converted-to.pd
f> <./capitulos/validacao/figuras/outroTesteImplementado-eps-converted-to.pdf>]
Package epstopdf Info: Source file: <capitulos/validacao/figuras/estoriaDoUsuar
ioDaAplicacao.eps>
(epstopdf)                    date: 2015-01-18 14:09:08
(epstopdf)                    size: 4007879 bytes
(epstopdf)             Output file: <capitulos/validacao/figuras/estoriaDoUsuar
ioDaAplicacao-eps-converted-to.pdf>
(epstopdf)                    date: 2015-01-18 14:13:22
(epstopdf)                    size: 54720 bytes
(epstopdf)             Command: <repstopdf --outfile=capitulos/validacao/figura
s/estoriaDoUsuarioDaAplicacao-eps-converted-to.pdf capitulos/validacao/figuras/
estoriaDoUsuarioDaAplicacao.eps>
(epstopdf)             \includegraphics on input line 183.
Package epstopdf Info: Output file is already uptodate.

<capitulos/validacao/figuras/estoriaDoUsuarioDaAplicacao-eps-converted-to.pdf, 
id=676, 688.5725pt x 240.9pt>
File: capitulos/validacao/figuras/estoriaDoUsuarioDaAplicacao-eps-converted-to.
pdf Graphic file (type pdf)

<use capitulos/validacao/figuras/estoriaDoUsuarioDaAplicacao-eps-converted-to.p
df>
Package pdftex.def Info: capitulos/validacao/figuras/estoriaDoUsuarioDaAplicaca
o-eps-converted-to.pdf used on input line 183.
(pdftex.def)             Requested size: 447.5668pt x 156.58313pt.
Package babel Info: Redefining portuges shorthand "|
(babel)             in language  on input line 189.
Package babel Info: Redefining portuges shorthand "|
(babel)             in language  on input line 189.
 [36 <./capitulos/validacao/figuras/interfaceDaAplicacao-eps-converted-to.pdf> 
<./capitulos/validacao/figuras/estoriaDoUsuarioDaAplicacao-eps-converted-to.pdf
>]
Package epstopdf Info: Source file: <capitulos/validacao/figuras/arquiteturaDeB
ddComCucumber.eps>
(epstopdf)                    date: 2015-01-18 14:11:52
(epstopdf)                    size: 437431 bytes
(epstopdf)             Output file: <capitulos/validacao/figuras/arquiteturaDeB
ddComCucumber-eps-converted-to.pdf>
(epstopdf)                    date: 2015-01-18 14:13:24
(epstopdf)                    size: 17461 bytes
(epstopdf)             Command: <repstopdf --outfile=capitulos/validacao/figura
s/arquiteturaDeBddComCucumber-eps-converted-to.pdf capitulos/validacao/figuras/
arquiteturaDeBddComCucumber.eps>
(epstopdf)             \includegraphics on input line 193.
Package epstopdf Info: Output file is already uptodate.

<capitulos/validacao/figuras/arquiteturaDeBddComCucumber-eps-converted-to.pdf, 
id=687, 265.99374pt x 269.005pt>
File: capitulos/validacao/figuras/arquiteturaDeBddComCucumber-eps-converted-to.
pdf Graphic file (type pdf)

<use capitulos/validacao/figuras/arquiteturaDeBddComCucumber-eps-converted-to.p
df>
Package pdftex.def Info: capitulos/validacao/figuras/arquiteturaDeBddComCucumbe
r-eps-converted-to.pdf used on input line 193.
(pdftex.def)             Requested size: 172.89388pt x 174.85117pt.
Package epstopdf Info: Source file: <capitulos/validacao/figuras/cenariosDoBDD.
eps>
(epstopdf)                    date: 2015-01-18 14:15:06
(epstopdf)                    size: 1150831 bytes
(epstopdf)             Output file: <capitulos/validacao/figuras/cenariosDoBDD-
eps-converted-to.pdf>
(epstopdf)                    date: 2015-01-19 09:51:53
(epstopdf)                    size: 40456 bytes
(epstopdf)             Command: <repstopdf --outfile=capitulos/validacao/figura
s/cenariosDoBDD-eps-converted-to.pdf capitulos/validacao/figuras/cenariosDoBDD.
eps>
(epstopdf)             \includegraphics on input line 206.
Package epstopdf Info: Output file is already uptodate.

<capitulos/validacao/figuras/cenariosDoBDD-eps-converted-to.pdf, id=688, 478.78
876pt x 396.48125pt>
File: capitulos/validacao/figuras/cenariosDoBDD-eps-converted-to.pdf Graphic fi
le (type pdf)

<use capitulos/validacao/figuras/cenariosDoBDD-eps-converted-to.pdf>
Package pdftex.def Info: capitulos/validacao/figuras/cenariosDoBDD-eps-converte
d-to.pdf used on input line 206.
(pdftex.def)             Requested size: 311.209pt x 257.70975pt.
Package babel Info: Redefining portuges shorthand "|
(babel)             in language  on input line 210.
Package babel Info: Redefining portuges shorthand "|
(babel)             in language  on input line 210.
 [37 <./capitulos/validacao/figuras/arquiteturaDeBddComCucumber-eps-converted-t
o.pdf>]
Package epstopdf Info: Source file: <capitulos/validacao/figuras/implementacaoD
eUmStep1.eps>
(epstopdf)                    date: 2015-01-18 14:17:19
(epstopdf)                    size: 6907300 bytes
(epstopdf)             Output file: <capitulos/validacao/figuras/implementacaoD
eUmStep1-eps-converted-to.pdf>
(epstopdf)                    date: 2015-01-19 09:51:56
(epstopdf)                    size: 143619 bytes
(epstopdf)             Command: <repstopdf --outfile=capitulos/validacao/figura
s/implementacaoDeUmStep1-eps-converted-to.pdf capitulos/validacao/figuras/imple
mentacaoDeUmStep1.eps>
(epstopdf)             \includegraphics on input line 217.
Package epstopdf Info: Output file is already uptodate.

<capitulos/validacao/figuras/implementacaoDeUmStep1-eps-converted-to.pdf, id=69
6, 678.535pt x 421.575pt>
File: capitulos/validacao/figuras/implementacaoDeUmStep1-eps-converted-to.pdf G
raphic file (type pdf)

<use capitulos/validacao/figuras/implementacaoDeUmStep1-eps-converted-to.pdf>
Package pdftex.def Info: capitulos/validacao/figuras/implementacaoDeUmStep1-eps
-converted-to.pdf used on input line 217.
(pdftex.def)             Requested size: 441.04253pt x 274.0205pt.
Package babel Info: Redefining portuges shorthand "|
(babel)             in language  on input line 221.
Package babel Info: Redefining portuges shorthand "|
(babel)             in language  on input line 221.

[38 <./capitulos/validacao/figuras/cenariosDoBDD-eps-converted-to.pdf>]
Package epstopdf Info: Source file: <capitulos/validacao/figuras/execucaoDoCucu
mberEtudoVerde.eps>
(epstopdf)                    date: 2015-01-19 10:02:55
(epstopdf)                    size: 2423612 bytes
(epstopdf)             Output file: <capitulos/validacao/figuras/execucaoDoCucu
mberEtudoVerde-eps-converted-to.pdf>
(epstopdf)                    date: 2015-01-19 10:12:51
(epstopdf)                    size: 207218 bytes
(epstopdf)             Command: <repstopdf --outfile=capitulos/validacao/figura
s/execucaoDoCucumberEtudoVerde-eps-converted-to.pdf capitulos/validacao/figuras
/execucaoDoCucumberEtudoVerde.eps>
(epstopdf)             \includegraphics on input line 227.
Package epstopdf Info: Output file is already uptodate.

<capitulos/validacao/figuras/execucaoDoCucumberEtudoVerde-eps-converted-to.pdf,
 id=705, 572.1375pt x 700.6175pt>
File: capitulos/validacao/figuras/execucaoDoCucumberEtudoVerde-eps-converted-to
.pdf Graphic file (type pdf)

<use capitulos/validacao/figuras/execucaoDoCucumberEtudoVerde-eps-converted-to.
pdf>
Package pdftex.def Info: capitulos/validacao/figuras/execucaoDoCucumberEtudoVer
de-eps-converted-to.pdf used on input line 227.
(pdftex.def)             Requested size: 371.88496pt x 455.39598pt.
Package babel Info: Redefining portuges shorthand "|
(babel)             in language  on input line 231.
Package babel Info: Redefining portuges shorthand "|
(babel)             in language  on input line 231.
 [39 <./capitulos/validacao/figuras/implementacaoDeUmStep1-eps-converted-to.pdf
>]
Package epstopdf Info: Source file: <capitulos/validacao/figuras/execucaoDoCucu
mberComUmErro.eps>
(epstopdf)                    date: 2015-01-19 10:08:58
(epstopdf)                    size: 2468716 bytes
(epstopdf)             Output file: <capitulos/validacao/figuras/execucaoDoCucu
mberComUmErro-eps-converted-to.pdf>
(epstopdf)                    date: 2015-01-19 10:12:53
(epstopdf)                    size: 177820 bytes
(epstopdf)             Command: <repstopdf --outfile=capitulos/validacao/figura
s/execucaoDoCucumberComUmErro-eps-converted-to.pdf capitulos/validacao/figuras/
execucaoDoCucumberComUmErro.eps>
(epstopdf)             \includegraphics on input line 237.
Package epstopdf Info: Output file is already uptodate.

<capitulos/validacao/figuras/execucaoDoCucumberComUmErro-eps-converted-to.pdf, 
id=714, 598.235pt x 170.6375pt>
File: capitulos/validacao/figuras/execucaoDoCucumberComUmErro-eps-converted-to.
pdf Graphic file (type pdf)

<use capitulos/validacao/figuras/execucaoDoCucumberComUmErro-eps-converted-to.p
df>
Package pdftex.def Info: capitulos/validacao/figuras/execucaoDoCucumberComUmErr
o-eps-converted-to.pdf used on input line 237.
(pdftex.def)             Requested size: 388.84814pt x 110.91304pt.
Package babel Info: Redefining portuges shorthand "|
(babel)             in language  on input line 241.
Package babel Info: Redefining portuges shorthand "|
(babel)             in language  on input line 241.
 [40 <./capitulos/validacao/figuras/execucaoDoCucumberEtudoVerde-eps-converted-
to.pdf>]
Package epstopdf Info: Source file: <capitulos/validacao/figuras/quantidadeDeEr
rosQpassaramOUn.eps>
(epstopdf)                    date: 2015-01-19 10:14:37
(epstopdf)                    size: 158525 bytes
(epstopdf)             Output file: <capitulos/validacao/figuras/quantidadeDeEr
rosQpassaramOUn-eps-converted-to.pdf>
(epstopdf)                    date: 2015-01-19 10:20:46
(epstopdf)                    size: 14986 bytes
(epstopdf)             Command: <repstopdf --outfile=capitulos/validacao/figura
s/quantidadeDeErrosQpassaramOUn-eps-converted-to.pdf capitulos/validacao/figura
s/quantidadeDeErrosQpassaramOUn.eps>
(epstopdf)             \includegraphics on input line 247.
Package epstopdf Info: Output file is already uptodate.

<capitulos/validacao/figuras/quantidadeDeErrosQpassaramOUn-eps-converted-to.pdf
, id=722, 336.25626pt x 75.28125pt>
File: capitulos/validacao/figuras/quantidadeDeErrosQpassaramOUn-eps-converted-t
o.pdf Graphic file (type pdf)

<use capitulos/validacao/figuras/quantidadeDeErrosQpassaramOUn-eps-converted-to
.pdf>
Package pdftex.def Info: capitulos/validacao/figuras/quantidadeDeErrosQpassaram
OUn-eps-converted-to.pdf used on input line 247.
(pdftex.def)             Requested size: 218.56396pt x 48.93222pt.
Package babel Info: Redefining portuges shorthand "|
(babel)             in language  on input line 252.
Package epstopdf Info: Source file: <capitulos/validacao/figuras/businesstechno
logyautomatedtestingpyramid.eps>
(epstopdf)                    date: 2015-01-19 10:17:43
(epstopdf)                    size: 5976241 bytes
(epstopdf)             Output file: <capitulos/validacao/figuras/businesstechno
logyautomatedtestingpyramid-eps-converted-to.pdf>
(epstopdf)                    date: 2015-01-19 10:20:49
(epstopdf)                    size: 87560 bytes
(epstopdf)             Command: <repstopdf --outfile=capitulos/validacao/figura
s/businesstechnologyautomatedtestingpyramid-eps-converted-to.pdf capitulos/vali
dacao/figuras/businesstechnologyautomatedtestingpyramid.eps>
(epstopdf)             \includegraphics on input line 258.
Package epstopdf Info: Output file is already uptodate.

<capitulos/validacao/figuras/businesstechnologyautomatedtestingpyramid-eps-conv
erted-to.pdf, id=724, 1175.39125pt x 842.14626pt>
File: capitulos/validacao/figuras/businesstechnologyautomatedtestingpyramid-eps
-converted-to.pdf Graphic file (type pdf)

<use capitulos/validacao/figuras/businesstechnologyautomatedtestingpyramid-eps-
converted-to.pdf>
Package pdftex.def Info: capitulos/validacao/figuras/businesstechnologyautomate
dtestingpyramid-eps-converted-to.pdf used on input line 258.
(pdftex.def)             Requested size: 411.39311pt x 294.7556pt.
Package babel Info: Redefining portuges shorthand "|
(babel)             in language  on input line 262.
Package babel Info: Redefining portuges shorthand "|
(babel)             in language  on input line 262.
 [41 <./capitulos/validacao/figuras/execucaoDoCucumberComUmErro-eps-converted-t
o.pdf> <./capitulos/validacao/figuras/quantidadeDeErrosQpassaramOUn-eps-convert
ed-to.pdf>]
Package babel Info: Redefining portuges shorthand "|
(babel)             in language  on input line 268.
Package babel Info: Redefining portuges shorthand "|
(babel)             in language  on input line 268.
 [42 <./capitulos/validacao/figuras/businesstechnologyautomatedtestingpyramid-e
ps-converted-to.pdf>]
Package epstopdf Info: Source file: <capitulos/validacao/figuras/pyramid.eps>
(epstopdf)                    date: 2015-01-19 21:24:08
(epstopdf)                    size: 5639816 bytes
(epstopdf)             Output file: <capitulos/validacao/figuras/pyramid-eps-co
nverted-to.pdf>
(epstopdf)                    date: 2015-01-19 21:26:04
(epstopdf)                    size: 44251 bytes
(epstopdf)             Command: <repstopdf --outfile=capitulos/validacao/figura
s/pyramid-eps-converted-to.pdf capitulos/validacao/figuras/pyramid.eps>
(epstopdf)             \includegraphics on input line 274.
Package epstopdf Info: Output file is already uptodate.

<capitulos/validacao/figuras/pyramid-eps-converted-to.pdf, id=742, 1136.245pt x
 822.07124pt>
File: capitulos/validacao/figuras/pyramid-eps-converted-to.pdf Graphic file (ty
pe pdf)
 <use capitulos/validacao/figuras/pyramid-eps-converted-to.pdf>
Package pdftex.def Info: capitulos/validacao/figuras/pyramid-eps-converted-to.p
df used on input line 274.
(pdftex.def)             Requested size: 397.6917pt x 287.72923pt.
)
Package babel Info: Redefining portuges shorthand "|
(babel)             in language  on input line 131.
Package babel Info: Redefining portuges shorthand "|
(babel)             in language  on input line 131.

[43 <./capitulos/validacao/figuras/pyramid-eps-converted-to.pdf>]
\openout2 = `capitulos/conclusoes/conclusoes.aux'.


(./capitulos/conclusoes/conclusoes.tex
Cap\'{\i }tulo 5.
Package babel Info: Redefining portuges shorthand "|
(babel)             in language  on input line 1.
Package babel Info: Redefining portuges shorthand "|
(babel)             in language  on input line 5.
Package babel Info: Redefining portuges shorthand "|
(babel)             in language  on input line 14.
Package babel Info: Redefining portuges shorthand "|
(babel)             in language  on input line 14.
[44



]
Package babel Info: Redefining portuges shorthand "|
(babel)             in language  on input line 16.
)
Package babel Info: Redefining portuges shorthand "|
(babel)             in language  on input line 132.
Package babel Info: Redefining portuges shorthand "|
(babel)             in language  on input line 132.
 [45] (./tcc.bbl
Underfull \hbox (badness 1831) in paragraph at lines 4--7
[]\OT1/cmr/m/n/12 Ace.  Dis-pon^^S^^Pvel em: []$\OT1/cmtt/m/n/12 http : / / jmi
r . sourceforge . net / ACE . html$[]\OT1/cmr/m/n/12 . Aces-sado em
 []


Underfull \hbox (badness 10000) in paragraph at lines 40--45
\OT1/cmtt/m/n/12 / / jamescrisp . org / 2011 / 05 / 30 / automated-[]testing-[]
and-[]the-[]test-[]pyramid/$[]\OT1/cmr/m/n/12 .
 []

Package babel Info: Redefining portuges shorthand "|
(babel)             in language  on input line 53.
Package babel Info: Redefining portuges shorthand "|
(babel)             in language  on input line 53.
[46


]
Underfull \hbox (badness 1533) in paragraph at lines 91--94
[]\OT1/cmr/m/n/12 JBehave.org.  Jbehave.  Dis-pon^^S^^Pvel em: []$\OT1/cmtt/m/n
/12 http : / / jbehave . org/$[]\OT1/cmr/m/n/12 . Aces-sado em
 []


Underfull \hbox (badness 10000) in paragraph at lines 112--117
\OT1/cmtt/m/n/12 / / www . tutorialspoint . com / software _ testing / software
 _ testing _ overview . htm$[]\OT1/cmr/m/n/12 .
 []

Package babel Info: Redefining portuges shorthand "|
(babel)             in language  on input line 124.
Package babel Info: Redefining portuges shorthand "|
(babel)             in language  on input line 124.
[47]
Underfull \hbox (badness 10000) in paragraph at lines 151--155
[]\OT1/cmr/m/n/12 D. North.  In-tro-du-cing bdd.  Dis-pon^^S^^Pvel em: []$\OT1/
cmtt/m/n/12 http : / / dannorth . net /
 []


Underfull \hbox (badness 10000) in paragraph at lines 170--176
[]\OT1/cmr/m/n/12 O por-tal de in-fro-ma-cao para pes-soa com de-fi-ci-en-cia. 
 Re-sul-
 []


Underfull \hbox (badness 10000) in paragraph at lines 170--176
\OT1/cmr/m/n/12 ta-dos do censo 2010 feito pelo ibge so-bre pes-soas com de-
 []


Underfull \hbox (badness 10000) in paragraph at lines 170--176
\OT1/cmr/m/n/12 fici[]Encia.  Dis-pon^^S^^Pvel em: []$\OT1/cmtt/m/n/12 http : /
 / www . deficientefisico . com /
 []


Overfull \hbox (1.37114pt too wide) in paragraph at lines 170--176
\OT1/cmtt/m/n/12 resultados-[]do-[]censo-[]2010-[]feito-[]pelo-[]ibge-[]sobre-[
]pessoas-[]com-[]deficiencia/$[]\OT1/cmr/m/n/12 .
 []

Package babel Info: Redefining portuges shorthand "|
(babel)             in language  on input line 182.
Package babel Info: Redefining portuges shorthand "|
(babel)             in language  on input line 182.
[48]
Underfull \hbox (badness 1694) in paragraph at lines 193--199
[]\OT1/cmr/m/n/12 Alister Scott.  In-tro-du-cing the soft-ware tes-ting ice-cre
am cone (anti-pattern),
 []


Underfull \hbox (badness 10000) in paragraph at lines 193--199
\OT1/cmr/m/n/12 Ja-nu-ary 2012.  Dis-pon^^S^^Pvel em: []$\OT1/cmtt/m/n/12 http 
: / / watirmelon . com / 2012 / 01 / 31 /
 []


Underfull \hbox (badness 10000) in paragraph at lines 201--206
\OT1/cmtt/m/n/12 nac . softex . br / pluginfile . php / 602 / mod _ resource / 
content / 2 / Aula % 202 . pdf$[]\OT1/cmr/m/n/12 .
 []

)
Package atveryend Info: Empty hook `BeforeClearDocument' on input line 145.
Package babel Info: Redefining portuges shorthand "|
(babel)             in language  on input line 145.
Package babel Info: Redefining portuges shorthand "|
(babel)             in language  on input line 145.
 [49]
Package atveryend Info: Empty hook `AfterLastShipout' on input line 145.
 (./tcc.aux (./prefacios/capa/capa.aux)
(./prefacios/folha_rosto/folha_rosto.aux) (./prefacios/resumo/resumo.aux)
(./prefacios/abstract/abstract.aux) (./capitulos/introducao/introducao.aux)
(./capitulos/literatura/literatura.aux) (./capitulos/las/analise_las.aux)
(./capitulos/validacao/validacao.aux) (./capitulos/conclusoes/conclusoes.aux))
Package atveryend Info: Executing hook `AtVeryEndDocument' on input line 145.
Package atveryend Info: Executing hook `AtEndAfterFileList' on input line 145.
Package rerunfilecheck Info: File `tcc.out' has not changed.
(rerunfilecheck)             Checksum: 8B90FC94D1D45B2C9CA577FB4C75E467;3592.


LaTeX Warning: There were multiply-defined labels.

Package atveryend Info: Empty hook `AtVeryVeryEnd' on input line 145.
 ) 
Here is how much of TeX's memory you used:
 9217 strings out of 493117
 142807 string characters out of 6135433
 230895 words of memory out of 5000000
 12234 multiletter control sequences out of 15000+600000
 11550 words of font info for 45 fonts, out of 8000000 for 9000
 1141 hyphenation exceptions out of 8191
 36i,12n,50p,1460b,457s stack positions out of 5000i,500n,10000p,200000b,80000s
</usr/local/texlive/2014/texmf-dist/fonts/type1/public/amsfonts/cm/cmbx12.pfb
></usr/local/texlive/2014/texmf-dist/fonts/type1/public/amsfonts/cm/cmr12.pfb><
/usr/local/texlive/2014/texmf-dist/fonts/type1/public/amsfonts/cm/cmr17.pfb></u
sr/local/texlive/2014/texmf-dist/fonts/type1/public/amsfonts/cm/cmss12.pfb></us
r/local/texlive/2014/texmf-dist/fonts/type1/public/amsfonts/cm/cmsy10.pfb></usr
/local/texlive/2014/texmf-dist/fonts/type1/public/amsfonts/cm/cmti12.pfb></usr/
local/texlive/2014/texmf-dist/fonts/type1/public/amsfonts/cm/cmtt12.pfb>
Output written on tcc.pdf (60 pages, 2267919 bytes).
PDF statistics:
 872 PDF objects out of 1000 (max. 8388607)
 737 compressed objects within 8 object streams
 175 named destinations out of 1000 (max. 500000)
 514 words of extra memory for PDF output out of 10000 (max. 10000000)

